2011-11-14 17:36:26,292 - org.hibernate.cache.EhCacheProvider - WARN - Could not find configuration [org.hibernate.cache.UpdateTimestampsCache]; using defaults.
2011-11-14 17:36:26,305 - org.hibernate.cache.EhCacheProvider - WARN - Could not find configuration [org.hibernate.cache.StandardQueryCache]; using defaults.
2011-11-14 18:42:57,130 - net.sf.ehcache.config.ConfigurationFactory - WARN - No configuration found. Configuring ehcache from ehcache-failsafe.xml  found in the classpath: jar:file:/C:/Users/AmierHaider/.m2/repository/net/sf/ehcache/ehcache/1.2.3/ehcache-1.2.3.jar!/ehcache-failsafe.xml
2011-11-14 18:43:00,103 - org.hibernate.tool.hbm2ddl.SchemaUpdate - ERROR - Unsuccessful: alter table subcategories add index FKF5E0345C1EE77AEE (categoryId), add constraint FKF5E0345C1EE77AEE foreign key (categoryId) references categories (id)
2011-11-14 18:43:00,104 - org.hibernate.tool.hbm2ddl.SchemaUpdate - ERROR - Can't create table 'mexam_buynsell.#sql-ed0_21' (errno: 150)
2011-11-14 18:43:00,108 - org.hibernate.cache.EhCacheProvider - WARN - Could not find configuration [org.hibernate.cache.UpdateTimestampsCache]; using defaults.
2011-11-14 18:43:00,120 - org.hibernate.cache.EhCacheProvider - WARN - Could not find configuration [org.hibernate.cache.StandardQueryCache]; using defaults.
2011-11-14 18:43:07,587 - com.mt.interceptor.HibernateManagedSessionContext - ERROR - org.hibernate.PropertyAccessException: Null value was assigned to a property of primitive type setter of com.mt.hibernate.entities.Product.manufacturerId
2011-11-14 18:52:40,210 - org.springframework.web.context.ContextLoader - ERROR - Context initialization failed
org.springframework.beans.factory.BeanCreationException: Error creating bean with name 'sessionFactory' defined in ServletContext resource [/WEB-INF/applicationContext.xml]: Invocation of init method failed; nested exception is org.hibernate.AnnotationException: mappedBy reference an unknown target entity property: com.mt.hibernate.entities.SubCategory.category_id in com.mt.hibernate.entities.Category.subCategorys
	at org.springframework.beans.factory.support.AbstractAutowireCapableBeanFactory.initializeBean(AbstractAutowireCapableBeanFactory.java:1420)
	at org.springframework.beans.factory.support.AbstractAutowireCapableBeanFactory.doCreateBean(AbstractAutowireCapableBeanFactory.java:519)
	at org.springframework.beans.factory.support.AbstractAutowireCapableBeanFactory.createBean(AbstractAutowireCapableBeanFactory.java:456)
	at org.springframework.beans.factory.support.AbstractBeanFactory$1.getObject(AbstractBeanFactory.java:291)
	at org.springframework.beans.factory.support.DefaultSingletonBeanRegistry.getSingleton(DefaultSingletonBeanRegistry.java:222)
	at org.springframework.beans.factory.support.AbstractBeanFactory.doGetBean(AbstractBeanFactory.java:288)
	at org.springframework.beans.factory.support.AbstractBeanFactory.getBean(AbstractBeanFactory.java:190)
	at org.springframework.beans.factory.support.DefaultListableBeanFactory.preInstantiateSingletons(DefaultListableBeanFactory.java:563)
	at org.springframework.context.support.AbstractApplicationContext.finishBeanFactoryInitialization(AbstractApplicationContext.java:895)
	at org.springframework.context.support.AbstractApplicationContext.refresh(AbstractApplicationContext.java:425)
	at org.springframework.web.context.ContextLoader.createWebApplicationContext(ContextLoader.java:244)
	at org.springframework.web.context.ContextLoader.initWebApplicationContext(ContextLoader.java:187)
	at org.springframework.web.context.ContextLoaderListener.contextInitialized(ContextLoaderListener.java:49)
	at org.mortbay.jetty.handler.ContextHandler.startContext(ContextHandler.java:548)
	at org.mortbay.jetty.servlet.Context.startContext(Context.java:136)
	at org.mortbay.jetty.webapp.WebAppContext.startContext(WebAppContext.java:1250)
	at org.mortbay.jetty.handler.ContextHandler.doStart(ContextHandler.java:517)
	at org.mortbay.jetty.webapp.WebAppContext.doStart(WebAppContext.java:467)
	at org.mortbay.jetty.plugin.Jetty6PluginWebAppContext.doStart(Jetty6PluginWebAppContext.java:115)
	at org.mortbay.component.AbstractLifeCycle.start(AbstractLifeCycle.java:50)
	at org.mortbay.jetty.handler.HandlerCollection.doStart(HandlerCollection.java:152)
	at org.mortbay.jetty.handler.ContextHandlerCollection.doStart(ContextHandlerCollection.java:156)
	at org.mortbay.component.AbstractLifeCycle.start(AbstractLifeCycle.java:50)
	at org.mortbay.jetty.handler.HandlerCollection.doStart(HandlerCollection.java:152)
	at org.mortbay.component.AbstractLifeCycle.start(AbstractLifeCycle.java:50)
	at org.mortbay.jetty.handler.HandlerWrapper.doStart(HandlerWrapper.java:130)
	at org.mortbay.jetty.Server.doStart(Server.java:224)
	at org.mortbay.component.AbstractLifeCycle.start(AbstractLifeCycle.java:50)
	at org.mortbay.jetty.plugin.Jetty6PluginServer.start(Jetty6PluginServer.java:132)
	at org.mortbay.jetty.plugin.AbstractJettyMojo.startJetty(AbstractJettyMojo.java:441)
	at org.mortbay.jetty.plugin.AbstractJettyMojo.execute(AbstractJettyMojo.java:383)
	at org.mortbay.jetty.plugin.AbstractJettyRunMojo.execute(AbstractJettyRunMojo.java:210)
	at org.mortbay.jetty.plugin.Jetty6RunMojo.execute(Jetty6RunMojo.java:184)
	at org.apache.maven.plugin.DefaultBuildPluginManager.executeMojo(DefaultBuildPluginManager.java:101)
	at org.apache.maven.lifecycle.internal.MojoExecutor.execute(MojoExecutor.java:209)
	at org.apache.maven.lifecycle.internal.MojoExecutor.execute(MojoExecutor.java:153)
	at org.apache.maven.lifecycle.internal.MojoExecutor.execute(MojoExecutor.java:145)
	at org.apache.maven.lifecycle.internal.LifecycleModuleBuilder.buildProject(LifecycleModuleBuilder.java:84)
	at org.apache.maven.lifecycle.internal.LifecycleModuleBuilder.buildProject(LifecycleModuleBuilder.java:59)
	at org.apache.maven.lifecycle.internal.LifecycleStarter.singleThreadedBuild(LifecycleStarter.java:183)
	at org.apache.maven.lifecycle.internal.LifecycleStarter.execute(LifecycleStarter.java:161)
	at org.apache.maven.DefaultMaven.doExecute(DefaultMaven.java:319)
	at org.apache.maven.DefaultMaven.execute(DefaultMaven.java:156)
	at org.apache.maven.cli.MavenCli.execute(MavenCli.java:537)
	at org.apache.maven.cli.MavenCli.doMain(MavenCli.java:196)
	at org.apache.maven.cli.MavenCli.main(MavenCli.java:141)
	at sun.reflect.NativeMethodAccessorImpl.invoke0(Native Method)
	at sun.reflect.NativeMethodAccessorImpl.invoke(NativeMethodAccessorImpl.java:39)
	at sun.reflect.DelegatingMethodAccessorImpl.invoke(DelegatingMethodAccessorImpl.java:25)
	at java.lang.reflect.Method.invoke(Method.java:597)
	at org.codehaus.plexus.classworlds.launcher.Launcher.launchEnhanced(Launcher.java:290)
	at org.codehaus.plexus.classworlds.launcher.Launcher.launch(Launcher.java:230)
	at org.codehaus.plexus.classworlds.launcher.Launcher.mainWithExitCode(Launcher.java:409)
	at org.codehaus.plexus.classworlds.launcher.Launcher.main(Launcher.java:352)
Caused by: org.hibernate.AnnotationException: mappedBy reference an unknown target entity property: com.mt.hibernate.entities.SubCategory.category_id in com.mt.hibernate.entities.Category.subCategorys
	at org.hibernate.cfg.annotations.CollectionBinder.bindStarToManySecondPass(CollectionBinder.java:578)
	at org.hibernate.cfg.annotations.CollectionBinder$1.secondPass(CollectionBinder.java:543)
	at org.hibernate.cfg.CollectionSecondPass.doSecondPass(CollectionSecondPass.java:66)
	at org.hibernate.cfg.Configuration.secondPassCompile(Configuration.java:1177)
	at org.hibernate.cfg.AnnotationConfiguration.secondPassCompile(AnnotationConfiguration.java:329)
	at org.hibernate.cfg.Configuration.buildMappings(Configuration.java:1162)
	at org.springframework.orm.hibernate3.LocalSessionFactoryBean.buildSessionFactory(LocalSessionFactoryBean.java:717)
	at org.springframework.orm.hibernate3.AbstractSessionFactoryBean.afterPropertiesSet(AbstractSessionFactoryBean.java:211)
	at org.springframework.beans.factory.support.AbstractAutowireCapableBeanFactory.invokeInitMethods(AbstractAutowireCapableBeanFactory.java:1477)
	at org.springframework.beans.factory.support.AbstractAutowireCapableBeanFactory.initializeBean(AbstractAutowireCapableBeanFactory.java:1417)
	... 53 more
2011-11-14 19:40:45,646 - net.sf.ehcache.config.ConfigurationFactory - WARN - No configuration found. Configuring ehcache from ehcache-failsafe.xml  found in the classpath: jar:file:/C:/Users/AmierHaider/.m2/repository/net/sf/ehcache/ehcache/1.2.3/ehcache-1.2.3.jar!/ehcache-failsafe.xml
2011-11-14 19:40:46,551 - org.hibernate.tool.hbm2ddl.SchemaUpdate - ERROR - Unsuccessful: alter table subcategories add index FKF5E0345C1EE77AEE (categoryId), add constraint FKF5E0345C1EE77AEE foreign key (categoryId) references categories (id)
2011-11-14 19:40:46,552 - org.hibernate.tool.hbm2ddl.SchemaUpdate - ERROR - Can't create table 'mexam_buynsell.#sql-ed0_23' (errno: 150)
2011-11-14 19:40:46,558 - org.hibernate.cache.EhCacheProvider - WARN - Could not find configuration [org.hibernate.cache.UpdateTimestampsCache]; using defaults.
2011-11-14 19:40:46,572 - org.hibernate.cache.EhCacheProvider - WARN - Could not find configuration [org.hibernate.cache.StandardQueryCache]; using defaults.
2011-11-14 19:53:04,832 - net.sf.ehcache.config.ConfigurationFactory - WARN - No configuration found. Configuring ehcache from ehcache-failsafe.xml  found in the classpath: jar:file:/C:/Users/AmierHaider/.m2/repository/net/sf/ehcache/ehcache/1.2.3/ehcache-1.2.3.jar!/ehcache-failsafe.xml
2011-11-14 19:53:05,297 - org.hibernate.cache.EhCacheProvider - WARN - Could not find configuration [org.hibernate.cache.UpdateTimestampsCache]; using defaults.
2011-11-14 19:53:05,310 - org.hibernate.cache.EhCacheProvider - WARN - Could not find configuration [org.hibernate.cache.StandardQueryCache]; using defaults.
2011-11-14 19:53:59,899 - com.mt.interceptor.HibernateManagedSessionContext - ERROR - java.lang.ClassCastException: java.lang.String cannot be cast to java.lang.Integer
2011-11-14 19:54:02,069 - com.mt.interceptor.HibernateManagedSessionContext - ERROR - java.lang.ClassCastException: java.lang.String cannot be cast to java.lang.Integer
2011-11-14 19:54:02,532 - com.mt.interceptor.HibernateManagedSessionContext - ERROR - java.lang.ClassCastException: java.lang.String cannot be cast to java.lang.Integer
2011-11-14 19:54:03,080 - com.mt.interceptor.HibernateManagedSessionContext - ERROR - java.lang.ClassCastException: java.lang.String cannot be cast to java.lang.Integer
2011-11-14 19:54:06,341 - com.mt.interceptor.HibernateManagedSessionContext - ERROR - java.lang.ClassCastException: java.lang.String cannot be cast to java.lang.Integer
2011-11-14 19:54:07,820 - com.mt.interceptor.HibernateManagedSessionContext - ERROR - java.lang.ClassCastException: java.lang.String cannot be cast to java.lang.Integer
2011-11-14 19:55:06,878 - com.mt.interceptor.HibernateManagedSessionContext - ERROR - No result defined for action com.mt.actions.GetImage and result success
2011-11-14 19:55:07,764 - com.mt.interceptor.HibernateManagedSessionContext - ERROR - No result defined for action com.mt.actions.GetImage and result success
2011-11-14 19:55:10,048 - com.mt.interceptor.HibernateManagedSessionContext - ERROR - No result defined for action com.mt.actions.GetImage and result success
2011-11-14 19:55:10,823 - com.mt.interceptor.HibernateManagedSessionContext - ERROR - java.lang.ClassCastException: java.lang.String cannot be cast to java.lang.Integer
2011-11-14 19:55:11,704 - com.mt.interceptor.HibernateManagedSessionContext - ERROR - No result defined for action com.mt.actions.GetImage and result success
2011-11-14 19:55:12,735 - com.mt.interceptor.HibernateManagedSessionContext - ERROR - No result defined for action com.mt.actions.GetImage and result success
2011-11-14 19:55:15,496 - com.mt.interceptor.HibernateManagedSessionContext - ERROR - No result defined for action com.mt.actions.GetImage and result success
2011-11-14 19:55:36,137 - com.mt.interceptor.HibernateManagedSessionContext - ERROR - No result defined for action com.mt.actions.GetImage and result success
2011-11-14 19:55:38,714 - com.mt.interceptor.HibernateManagedSessionContext - ERROR - No result defined for action com.mt.actions.GetImage and result success
2011-11-14 19:56:51,627 - com.mt.interceptor.HibernateManagedSessionContext - ERROR - No result defined for action com.mt.actions.GetImage and result success
2011-11-14 19:57:07,394 - net.sf.ehcache.config.ConfigurationFactory - WARN - No configuration found. Configuring ehcache from ehcache-failsafe.xml  found in the classpath: jar:file:/C:/Users/AmierHaider/.m2/repository/net/sf/ehcache/ehcache/1.2.3/ehcache-1.2.3.jar!/ehcache-failsafe.xml
2011-11-14 19:57:07,642 - org.hibernate.cache.EhCacheProvider - WARN - Could not find configuration [org.hibernate.cache.UpdateTimestampsCache]; using defaults.
2011-11-14 19:57:07,656 - org.hibernate.cache.EhCacheProvider - WARN - Could not find configuration [org.hibernate.cache.StandardQueryCache]; using defaults.
2011-11-14 19:57:16,933 - com.mt.interceptor.HibernateManagedSessionContext - ERROR - java.lang.ClassCastException: java.lang.String cannot be cast to java.lang.Integer
2011-11-14 19:58:17,663 - com.mt.interceptor.HibernateManagedSessionContext - ERROR - No result defined for action com.mt.actions.GetImage and result success
2011-11-14 19:58:54,735 - net.sf.ehcache.config.ConfigurationFactory - WARN - No configuration found. Configuring ehcache from ehcache-failsafe.xml  found in the classpath: jar:file:/C:/Users/AmierHaider/.m2/repository/net/sf/ehcache/ehcache/1.2.3/ehcache-1.2.3.jar!/ehcache-failsafe.xml
2011-11-14 19:58:55,095 - org.hibernate.cache.EhCacheProvider - WARN - Could not find configuration [org.hibernate.cache.UpdateTimestampsCache]; using defaults.
2011-11-14 19:58:55,106 - org.hibernate.cache.EhCacheProvider - WARN - Could not find configuration [org.hibernate.cache.StandardQueryCache]; using defaults.
2011-11-14 19:59:15,393 - com.mt.interceptor.HibernateManagedSessionContext - ERROR - No result defined for action com.mt.actions.GetImage and result success
2011-11-14 20:01:16,365 - com.mt.interceptor.HibernateManagedSessionContext - ERROR - No result defined for action com.mt.actions.GetImage and result success
2011-11-14 20:01:17,286 - com.mt.interceptor.HibernateManagedSessionContext - ERROR - No result defined for action com.mt.actions.GetImage and result success
2011-11-14 20:01:47,882 - net.sf.ehcache.config.ConfigurationFactory - WARN - No configuration found. Configuring ehcache from ehcache-failsafe.xml  found in the classpath: jar:file:/C:/Users/AmierHaider/.m2/repository/net/sf/ehcache/ehcache/1.2.3/ehcache-1.2.3.jar!/ehcache-failsafe.xml
2011-11-14 20:01:48,292 - org.hibernate.cache.EhCacheProvider - WARN - Could not find configuration [org.hibernate.cache.UpdateTimestampsCache]; using defaults.
2011-11-14 20:01:48,305 - org.hibernate.cache.EhCacheProvider - WARN - Could not find configuration [org.hibernate.cache.StandardQueryCache]; using defaults.
2011-11-14 20:02:00,745 - com.mt.interceptor.HibernateManagedSessionContext - ERROR - java.lang.ClassCastException: java.lang.String cannot be cast to java.lang.Integer
2011-11-14 20:02:03,801 - com.mt.interceptor.HibernateManagedSessionContext - ERROR - java.lang.ClassCastException: java.lang.String cannot be cast to java.lang.Integer
2011-11-14 20:02:04,391 - com.mt.interceptor.HibernateManagedSessionContext - ERROR - java.lang.ClassCastException: java.lang.String cannot be cast to java.lang.Integer
2011-11-14 20:02:04,832 - com.mt.interceptor.HibernateManagedSessionContext - ERROR - java.lang.ClassCastException: java.lang.String cannot be cast to java.lang.Integer
2011-11-14 20:09:04,753 - net.sf.ehcache.config.ConfigurationFactory - WARN - No configuration found. Configuring ehcache from ehcache-failsafe.xml  found in the classpath: jar:file:/C:/Users/AmierHaider/.m2/repository/net/sf/ehcache/ehcache/1.2.3/ehcache-1.2.3.jar!/ehcache-failsafe.xml
2011-11-14 20:09:05,103 - org.hibernate.cache.EhCacheProvider - WARN - Could not find configuration [org.hibernate.cache.UpdateTimestampsCache]; using defaults.
2011-11-14 20:09:05,115 - org.hibernate.cache.EhCacheProvider - WARN - Could not find configuration [org.hibernate.cache.StandardQueryCache]; using defaults.
2011-11-14 20:13:32,202 - org.hibernate.util.JDBCExceptionReporter - WARN - SQL Error: 0, SQLState: 22001
2011-11-14 20:13:32,203 - org.hibernate.util.JDBCExceptionReporter - ERROR - Data truncation: Data too long for column 'features' at row 1
2011-11-14 20:13:32,205 - com.mt.interceptor.HibernateManagedSessionContext - ERROR - org.hibernate.exception.DataException: could not insert: [com.mt.hibernate.entities.Product]
2011-11-14 20:15:11,469 - org.hibernate.util.JDBCExceptionReporter - WARN - SQL Error: 1048, SQLState: 23000
2011-11-14 20:15:11,470 - org.hibernate.util.JDBCExceptionReporter - ERROR - Column 'subcategory_id' cannot be null
2011-11-14 20:15:11,472 - com.mt.interceptor.HibernateManagedSessionContext - ERROR - org.hibernate.exception.ConstraintViolationException: could not insert: [com.mt.hibernate.entities.Product]
2011-11-14 20:44:49,116 - net.sf.ehcache.config.ConfigurationFactory - WARN - No configuration found. Configuring ehcache from ehcache-failsafe.xml  found in the classpath: jar:file:/C:/Users/AmierHaider/.m2/repository/net/sf/ehcache/ehcache/1.2.3/ehcache-1.2.3.jar!/ehcache-failsafe.xml
2011-11-14 20:44:49,745 - org.hibernate.cache.EhCacheProvider - WARN - Could not find configuration [org.hibernate.cache.UpdateTimestampsCache]; using defaults.
2011-11-14 20:44:49,758 - org.hibernate.cache.EhCacheProvider - WARN - Could not find configuration [org.hibernate.cache.StandardQueryCache]; using defaults.
2011-11-14 20:45:53,113 - net.sf.ehcache.config.ConfigurationFactory - WARN - No configuration found. Configuring ehcache from ehcache-failsafe.xml  found in the classpath: jar:file:/C:/Users/AmierHaider/.m2/repository/net/sf/ehcache/ehcache/1.2.3/ehcache-1.2.3.jar!/ehcache-failsafe.xml
2011-11-14 20:45:53,523 - org.hibernate.cache.EhCacheProvider - WARN - Could not find configuration [org.hibernate.cache.UpdateTimestampsCache]; using defaults.
2011-11-14 20:45:53,537 - org.hibernate.cache.EhCacheProvider - WARN - Could not find configuration [org.hibernate.cache.StandardQueryCache]; using defaults.
2011-11-14 20:46:36,605 - net.sf.ehcache.config.ConfigurationFactory - WARN - No configuration found. Configuring ehcache from ehcache-failsafe.xml  found in the classpath: jar:file:/C:/Users/AmierHaider/.m2/repository/net/sf/ehcache/ehcache/1.2.3/ehcache-1.2.3.jar!/ehcache-failsafe.xml
2011-11-14 20:46:37,068 - org.hibernate.cache.EhCacheProvider - WARN - Could not find configuration [org.hibernate.cache.UpdateTimestampsCache]; using defaults.
2011-11-14 20:46:37,087 - org.hibernate.cache.EhCacheProvider - WARN - Could not find configuration [org.hibernate.cache.StandardQueryCache]; using defaults.
2011-11-14 20:46:41,713 - org.hibernate.util.JDBCExceptionReporter - WARN - SQL Error: 1048, SQLState: 23000
2011-11-14 20:46:41,715 - org.hibernate.util.JDBCExceptionReporter - ERROR - Column 'name' cannot be null
2011-11-14 20:46:41,722 - com.mt.interceptor.HibernateManagedSessionContext - ERROR - org.hibernate.exception.ConstraintViolationException: could not insert: [com.mt.hibernate.entities.Category]
2011-11-15 09:20:21,358 - net.sf.ehcache.config.ConfigurationFactory - WARN - No configuration found. Configuring ehcache from ehcache-failsafe.xml  found in the classpath: jar:file:/C:/Users/AmierHaider/.m2/repository/net/sf/ehcache/ehcache/1.2.3/ehcache-1.2.3.jar!/ehcache-failsafe.xml
2011-11-15 09:20:22,059 - org.hibernate.cache.EhCacheProvider - WARN - Could not find configuration [org.hibernate.cache.UpdateTimestampsCache]; using defaults.
2011-11-15 09:20:22,087 - org.hibernate.cache.EhCacheProvider - WARN - Could not find configuration [org.hibernate.cache.StandardQueryCache]; using defaults.
2011-11-15 09:20:38,772 - org.hibernate.util.JDBCExceptionReporter - WARN - SQL Error: 1048, SQLState: 23000
2011-11-15 09:20:38,774 - org.hibernate.util.JDBCExceptionReporter - ERROR - Column 'name' cannot be null
2011-11-15 09:20:38,777 - com.mt.interceptor.HibernateManagedSessionContext - ERROR - org.hibernate.exception.ConstraintViolationException: could not insert: [com.mt.hibernate.entities.Category]
2011-11-15 11:42:30,158 - net.sf.ehcache.config.ConfigurationFactory - WARN - No configuration found. Configuring ehcache from ehcache-failsafe.xml  found in the classpath: jar:file:/C:/Users/AmierHaider/.m2/repository/net/sf/ehcache/ehcache/1.2.3/ehcache-1.2.3.jar!/ehcache-failsafe.xml
2011-11-15 11:42:30,772 - org.hibernate.cache.EhCacheProvider - WARN - Could not find configuration [org.hibernate.cache.UpdateTimestampsCache]; using defaults.
2011-11-15 11:42:30,802 - org.hibernate.cache.EhCacheProvider - WARN - Could not find configuration [org.hibernate.cache.StandardQueryCache]; using defaults.
2011-11-15 11:58:16,489 - net.sf.ehcache.config.ConfigurationFactory - WARN - No configuration found. Configuring ehcache from ehcache-failsafe.xml  found in the classpath: jar:file:/C:/Users/AmierHaider/.m2/repository/net/sf/ehcache/ehcache/1.2.3/ehcache-1.2.3.jar!/ehcache-failsafe.xml
2011-11-15 11:58:16,809 - org.hibernate.cache.EhCacheProvider - WARN - Could not find configuration [org.hibernate.cache.UpdateTimestampsCache]; using defaults.
2011-11-15 11:58:16,819 - org.hibernate.cache.EhCacheProvider - WARN - Could not find configuration [org.hibernate.cache.StandardQueryCache]; using defaults.
2011-11-15 11:59:29,722 - net.sf.ehcache.config.ConfigurationFactory - WARN - No configuration found. Configuring ehcache from ehcache-failsafe.xml  found in the classpath: jar:file:/C:/Users/AmierHaider/.m2/repository/net/sf/ehcache/ehcache/1.2.3/ehcache-1.2.3.jar!/ehcache-failsafe.xml
2011-11-15 11:59:29,974 - org.hibernate.cache.EhCacheProvider - WARN - Could not find configuration [org.hibernate.cache.UpdateTimestampsCache]; using defaults.
2011-11-15 11:59:29,988 - org.hibernate.cache.EhCacheProvider - WARN - Could not find configuration [org.hibernate.cache.StandardQueryCache]; using defaults.
2011-11-15 12:06:28,486 - net.sf.ehcache.config.ConfigurationFactory - WARN - No configuration found. Configuring ehcache from ehcache-failsafe.xml  found in the classpath: jar:file:/C:/Users/AmierHaider/.m2/repository/net/sf/ehcache/ehcache/1.2.3/ehcache-1.2.3.jar!/ehcache-failsafe.xml
2011-11-15 12:06:28,781 - org.hibernate.cache.EhCacheProvider - WARN - Could not find configuration [org.hibernate.cache.UpdateTimestampsCache]; using defaults.
2011-11-15 12:06:28,793 - org.hibernate.cache.EhCacheProvider - WARN - Could not find configuration [org.hibernate.cache.StandardQueryCache]; using defaults.
2011-11-15 12:07:06,419 - net.sf.ehcache.config.ConfigurationFactory - WARN - No configuration found. Configuring ehcache from ehcache-failsafe.xml  found in the classpath: jar:file:/C:/Users/AmierHaider/.m2/repository/net/sf/ehcache/ehcache/1.2.3/ehcache-1.2.3.jar!/ehcache-failsafe.xml
2011-11-15 12:07:06,670 - org.hibernate.cache.EhCacheProvider - WARN - Could not find configuration [org.hibernate.cache.UpdateTimestampsCache]; using defaults.
2011-11-15 12:07:06,684 - org.hibernate.cache.EhCacheProvider - WARN - Could not find configuration [org.hibernate.cache.StandardQueryCache]; using defaults.
2011-11-15 12:58:29,855 - org.springframework.web.context.ContextLoader - ERROR - Context initialization failed
org.springframework.beans.factory.BeanCreationException: Error creating bean with name 'sessionFactory' defined in ServletContext resource [/WEB-INF/applicationContext.xml]: Invocation of init method failed; nested exception is org.hibernate.MappingException: Unable to load class declared as <mapping class="com.mt.hibernate.entities.Category"/> in the configuration:
	at org.springframework.beans.factory.support.AbstractAutowireCapableBeanFactory.initializeBean(AbstractAutowireCapableBeanFactory.java:1420)
	at org.springframework.beans.factory.support.AbstractAutowireCapableBeanFactory.doCreateBean(AbstractAutowireCapableBeanFactory.java:519)
	at org.springframework.beans.factory.support.AbstractAutowireCapableBeanFactory.createBean(AbstractAutowireCapableBeanFactory.java:456)
	at org.springframework.beans.factory.support.AbstractBeanFactory$1.getObject(AbstractBeanFactory.java:291)
	at org.springframework.beans.factory.support.DefaultSingletonBeanRegistry.getSingleton(DefaultSingletonBeanRegistry.java:222)
	at org.springframework.beans.factory.support.AbstractBeanFactory.doGetBean(AbstractBeanFactory.java:288)
	at org.springframework.beans.factory.support.AbstractBeanFactory.getBean(AbstractBeanFactory.java:190)
	at org.springframework.beans.factory.support.DefaultListableBeanFactory.preInstantiateSingletons(DefaultListableBeanFactory.java:563)
	at org.springframework.context.support.AbstractApplicationContext.finishBeanFactoryInitialization(AbstractApplicationContext.java:895)
	at org.springframework.context.support.AbstractApplicationContext.refresh(AbstractApplicationContext.java:425)
	at org.springframework.web.context.ContextLoader.createWebApplicationContext(ContextLoader.java:244)
	at org.springframework.web.context.ContextLoader.initWebApplicationContext(ContextLoader.java:187)
	at org.springframework.web.context.ContextLoaderListener.contextInitialized(ContextLoaderListener.java:49)
	at org.mortbay.jetty.handler.ContextHandler.startContext(ContextHandler.java:548)
	at org.mortbay.jetty.servlet.Context.startContext(Context.java:136)
	at org.mortbay.jetty.webapp.WebAppContext.startContext(WebAppContext.java:1250)
	at org.mortbay.jetty.handler.ContextHandler.doStart(ContextHandler.java:517)
	at org.mortbay.jetty.webapp.WebAppContext.doStart(WebAppContext.java:467)
	at org.mortbay.jetty.plugin.Jetty6PluginWebAppContext.doStart(Jetty6PluginWebAppContext.java:115)
	at org.mortbay.component.AbstractLifeCycle.start(AbstractLifeCycle.java:50)
	at org.mortbay.jetty.plugin.AbstractJettyRunMojo.restartWebApp(AbstractJettyRunMojo.java:458)
	at org.mortbay.jetty.plugin.AbstractJettyRunMojo$1.filesChanged(AbstractJettyRunMojo.java:419)
	at org.mortbay.util.Scanner.reportBulkChanges(Scanner.java:486)
	at org.mortbay.util.Scanner.reportDifferences(Scanner.java:352)
	at org.mortbay.util.Scanner.scan(Scanner.java:280)
	at org.mortbay.util.Scanner$1.run(Scanner.java:232)
	at java.util.TimerThread.mainLoop(Timer.java:512)
	at java.util.TimerThread.run(Timer.java:462)
Caused by: org.hibernate.MappingException: Unable to load class declared as <mapping class="com.mt.hibernate.entities.Category"/> in the configuration:
	at org.hibernate.cfg.AnnotationConfiguration.parseMappingElement(AnnotationConfiguration.java:650)
	at org.hibernate.cfg.Configuration.parseSessionFactory(Configuration.java:1603)
	at org.hibernate.cfg.Configuration.doConfigure(Configuration.java:1582)
	at org.hibernate.cfg.AnnotationConfiguration.doConfigure(AnnotationConfiguration.java:1047)
	at org.hibernate.cfg.AnnotationConfiguration.doConfigure(AnnotationConfiguration.java:64)
	at org.hibernate.cfg.Configuration.doConfigure(Configuration.java:1556)
	at org.hibernate.cfg.AnnotationConfiguration.doConfigure(AnnotationConfiguration.java:1035)
	at org.hibernate.cfg.AnnotationConfiguration.doConfigure(AnnotationConfiguration.java:64)
	at org.hibernate.cfg.Configuration.configure(Configuration.java:1491)
	at org.hibernate.cfg.AnnotationConfiguration.configure(AnnotationConfiguration.java:1023)
	at org.hibernate.cfg.AnnotationConfiguration.configure(AnnotationConfiguration.java:64)
	at org.springframework.orm.hibernate3.LocalSessionFactoryBean.buildSessionFactory(LocalSessionFactoryBean.java:642)
	at org.springframework.orm.hibernate3.AbstractSessionFactoryBean.afterPropertiesSet(AbstractSessionFactoryBean.java:211)
	at org.springframework.beans.factory.support.AbstractAutowireCapableBeanFactory.invokeInitMethods(AbstractAutowireCapableBeanFactory.java:1477)
	at org.springframework.beans.factory.support.AbstractAutowireCapableBeanFactory.initializeBean(AbstractAutowireCapableBeanFactory.java:1417)
	... 27 more
Caused by: java.lang.ClassNotFoundException: com.mt.hibernate.entities.Category
	at org.codehaus.plexus.classworlds.strategy.SelfFirstStrategy.loadClass(SelfFirstStrategy.java:50)
	at org.codehaus.plexus.classworlds.realm.ClassRealm.loadClass(ClassRealm.java:244)
	at org.codehaus.plexus.classworlds.realm.ClassRealm.loadClass(ClassRealm.java:230)
	at org.mortbay.jetty.webapp.WebAppClassLoader.loadClass(WebAppClassLoader.java:401)
	at org.mortbay.jetty.webapp.WebAppClassLoader.loadClass(WebAppClassLoader.java:363)
	at java.lang.Class.forName0(Native Method)
	at java.lang.Class.forName(Class.java:169)
	at org.hibernate.util.ReflectHelper.classForName(ReflectHelper.java:192)
	at org.hibernate.cfg.AnnotationConfiguration.parseMappingElement(AnnotationConfiguration.java:647)
	... 41 more
2011-11-15 12:59:00,921 - net.sf.ehcache.config.ConfigurationFactory - WARN - No configuration found. Configuring ehcache from ehcache-failsafe.xml  found in the classpath: jar:file:/C:/Users/AmierHaider/.m2/repository/net/sf/ehcache/ehcache/1.2.3/ehcache-1.2.3.jar!/ehcache-failsafe.xml
2011-11-15 12:59:01,417 - org.hibernate.cache.EhCacheProvider - WARN - Could not find configuration [org.hibernate.cache.UpdateTimestampsCache]; using defaults.
2011-11-15 12:59:01,429 - org.hibernate.cache.EhCacheProvider - WARN - Could not find configuration [org.hibernate.cache.StandardQueryCache]; using defaults.
2011-11-15 12:59:02,165 - org.apache.struts2.dispatcher.Dispatcher - ERROR - Dispatcher initialization failed
Unable to load configuration. - Class: org.apache.xerces.parsers.DOMParser
File: DOMParser.java
Method: <init>
Line: 153 - org/apache/xerces/parsers/DOMParser.java:153:-1
	at com.opensymphony.xwork2.config.ConfigurationManager.getConfiguration(ConfigurationManager.java:58)
	at org.apache.struts2.dispatcher.Dispatcher.init_PreloadConfiguration(Dispatcher.java:374)
	at org.apache.struts2.dispatcher.Dispatcher.init(Dispatcher.java:418)
	at org.apache.struts2.dispatcher.ng.InitOperations.initDispatcher(InitOperations.java:69)
	at org.apache.struts2.dispatcher.ng.filter.StrutsPrepareAndExecuteFilter.init(StrutsPrepareAndExecuteFilter.java:51)
	at org.mortbay.jetty.servlet.FilterHolder.doStart(FilterHolder.java:97)
	at org.mortbay.component.AbstractLifeCycle.start(AbstractLifeCycle.java:50)
	at org.mortbay.jetty.servlet.ServletHandler.initialize(ServletHandler.java:662)
	at org.mortbay.jetty.servlet.Context.startContext(Context.java:140)
	at org.mortbay.jetty.webapp.WebAppContext.startContext(WebAppContext.java:1250)
	at org.mortbay.jetty.handler.ContextHandler.doStart(ContextHandler.java:517)
	at org.mortbay.jetty.webapp.WebAppContext.doStart(WebAppContext.java:467)
	at org.mortbay.jetty.plugin.Jetty6PluginWebAppContext.doStart(Jetty6PluginWebAppContext.java:115)
	at org.mortbay.component.AbstractLifeCycle.start(AbstractLifeCycle.java:50)
	at org.mortbay.jetty.plugin.AbstractJettyRunMojo.restartWebApp(AbstractJettyRunMojo.java:458)
	at org.mortbay.jetty.plugin.AbstractJettyRunMojo$1.filesChanged(AbstractJettyRunMojo.java:419)
	at org.mortbay.util.Scanner.reportBulkChanges(Scanner.java:486)
	at org.mortbay.util.Scanner.reportDifferences(Scanner.java:352)
	at org.mortbay.util.Scanner.scan(Scanner.java:280)
	at org.mortbay.util.Scanner$1.run(Scanner.java:232)
	at java.util.TimerThread.mainLoop(Timer.java:512)
	at java.util.TimerThread.run(Timer.java:462)
Caused by: Caught exception while loading file struts-default.xml - Class: org.apache.xerces.parsers.DOMParser
File: DOMParser.java
Method: <init>
Line: 153 - org/apache/xerces/parsers/DOMParser.java:153:-1
	at com.opensymphony.xwork2.config.providers.XmlConfigurationProvider.loadConfigurationFiles(XmlConfigurationProvider.java:902)
	at com.opensymphony.xwork2.config.providers.XmlConfigurationProvider.loadDocuments(XmlConfigurationProvider.java:143)
	at com.opensymphony.xwork2.config.providers.XmlConfigurationProvider.init(XmlConfigurationProvider.java:110)
	at com.opensymphony.xwork2.config.impl.DefaultConfiguration.reloadContainer(DefaultConfiguration.java:168)
	at com.opensymphony.xwork2.config.ConfigurationManager.getConfiguration(ConfigurationManager.java:55)
	... 21 more
Caused by: java.lang.ClassCastException: org.apache.xerces.parsers.StandardParserConfiguration cannot be cast to org.apache.xerces.xni.parser.XMLParserConfiguration
	at org.apache.xerces.parsers.DOMParser.<init>(DOMParser.java:153)
	at org.apache.xerces.parsers.DOMParser.<init>(DOMParser.java:137)
	at org.apache.xerces.jaxp.DocumentBuilderImpl.<init>(DocumentBuilderImpl.java:102)
	at org.apache.xerces.jaxp.DocumentBuilderFactoryImpl.newDocumentBuilder(DocumentBuilderFactoryImpl.java:88)
	at com.sun.org.apache.xalan.internal.xsltc.trax.SAX2DOM.createDocument(SAX2DOM.java:324)
	at com.sun.org.apache.xalan.internal.xsltc.trax.SAX2DOM.<init>(SAX2DOM.java:84)
	at com.sun.org.apache.xalan.internal.xsltc.runtime.output.TransletOutputHandlerFactory.getSerializationHandler(TransletOutputHandlerFactory.java:187)
	at com.sun.org.apache.xalan.internal.xsltc.trax.TransformerImpl.getOutputHandler(TransformerImpl.java:392)
	at com.sun.org.apache.xalan.internal.xsltc.trax.TransformerHandlerImpl.setResult(TransformerHandlerImpl.java:137)
	at com.opensymphony.xwork2.util.DomHelper$DOMBuilder.setup(DomHelper.java:205)
	at com.opensymphony.xwork2.util.DomHelper$DOMBuilder.<init>(DomHelper.java:190)
	at com.opensymphony.xwork2.util.DomHelper$DOMBuilder.<init>(DomHelper.java:181)
	at com.opensymphony.xwork2.util.DomHelper$DOMBuilder.<init>(DomHelper.java:167)
	at com.opensymphony.xwork2.util.DomHelper.parse(DomHelper.java:107)
	at com.opensymphony.xwork2.config.providers.XmlConfigurationProvider.loadConfigurationFiles(XmlConfigurationProvider.java:893)
	... 25 more
2011-11-15 13:07:22,870 - net.sf.ehcache.config.ConfigurationFactory - WARN - No configuration found. Configuring ehcache from ehcache-failsafe.xml  found in the classpath: jar:file:/C:/Users/AmierHaider/.m2/repository/net/sf/ehcache/ehcache/1.2.3/ehcache-1.2.3.jar!/ehcache-failsafe.xml
2011-11-15 13:07:23,317 - org.hibernate.cache.EhCacheProvider - WARN - Could not find configuration [org.hibernate.cache.UpdateTimestampsCache]; using defaults.
2011-11-15 13:07:23,330 - org.hibernate.cache.EhCacheProvider - WARN - Could not find configuration [org.hibernate.cache.StandardQueryCache]; using defaults.
2011-11-15 13:07:29,519 - com.mt.interceptor.HibernateManagedSessionContext - ERROR - java.lang.NullPointerException
2011-11-15 13:07:39,708 - com.mt.interceptor.HibernateManagedSessionContext - ERROR - java.lang.NullPointerException
2011-11-15 13:07:50,237 - com.mt.interceptor.HibernateManagedSessionContext - ERROR - java.lang.NullPointerException
2011-11-15 13:14:46,108 - com.mt.interceptor.HibernateManagedSessionContext - ERROR - java.lang.NullPointerException
2011-11-15 13:15:00,267 - net.sf.ehcache.config.ConfigurationFactory - WARN - No configuration found. Configuring ehcache from ehcache-failsafe.xml  found in the classpath: jar:file:/C:/Users/AmierHaider/.m2/repository/net/sf/ehcache/ehcache/1.2.3/ehcache-1.2.3.jar!/ehcache-failsafe.xml
2011-11-15 13:15:01,279 - org.hibernate.cache.EhCacheProvider - WARN - Could not find configuration [org.hibernate.cache.UpdateTimestampsCache]; using defaults.
2011-11-15 13:15:01,291 - org.hibernate.cache.EhCacheProvider - WARN - Could not find configuration [org.hibernate.cache.StandardQueryCache]; using defaults.
2011-11-15 13:16:02,212 - net.sf.ehcache.config.ConfigurationFactory - WARN - No configuration found. Configuring ehcache from ehcache-failsafe.xml  found in the classpath: jar:file:/C:/Users/AmierHaider/.m2/repository/net/sf/ehcache/ehcache/1.2.3/ehcache-1.2.3.jar!/ehcache-failsafe.xml
2011-11-15 13:16:02,560 - org.hibernate.cache.EhCacheProvider - WARN - Could not find configuration [org.hibernate.cache.UpdateTimestampsCache]; using defaults.
2011-11-15 13:16:02,571 - org.hibernate.cache.EhCacheProvider - WARN - Could not find configuration [org.hibernate.cache.StandardQueryCache]; using defaults.
2011-11-15 13:16:07,997 - com.mt.interceptor.HibernateManagedSessionContext - ERROR - java.lang.NullPointerException
2011-11-15 13:16:13,805 - com.mt.interceptor.HibernateManagedSessionContext - ERROR - java.lang.NullPointerException
2011-11-15 13:16:16,366 - com.mt.interceptor.HibernateManagedSessionContext - ERROR - java.lang.NullPointerException
2011-11-15 13:17:00,107 - net.sf.ehcache.config.ConfigurationFactory - WARN - No configuration found. Configuring ehcache from ehcache-failsafe.xml  found in the classpath: jar:file:/C:/Users/AmierHaider/.m2/repository/net/sf/ehcache/ehcache/1.2.3/ehcache-1.2.3.jar!/ehcache-failsafe.xml
2011-11-15 13:17:00,372 - org.hibernate.cache.EhCacheProvider - WARN - Could not find configuration [org.hibernate.cache.UpdateTimestampsCache]; using defaults.
2011-11-15 13:17:00,386 - org.hibernate.cache.EhCacheProvider - WARN - Could not find configuration [org.hibernate.cache.StandardQueryCache]; using defaults.
2011-11-15 16:30:36,043 - net.sf.ehcache.config.ConfigurationFactory - WARN - No configuration found. Configuring ehcache from ehcache-failsafe.xml  found in the classpath: jar:file:/C:/Users/AmierHaider/.m2/repository/net/sf/ehcache/ehcache/1.2.3/ehcache-1.2.3.jar!/ehcache-failsafe.xml
2011-11-15 16:30:39,453 - org.hibernate.cache.EhCacheProvider - WARN - Could not find configuration [org.hibernate.cache.UpdateTimestampsCache]; using defaults.
2011-11-15 16:30:39,475 - org.hibernate.cache.EhCacheProvider - WARN - Could not find configuration [org.hibernate.cache.StandardQueryCache]; using defaults.
2011-11-15 16:51:19,264 - net.sf.ehcache.config.ConfigurationFactory - WARN - No configuration found. Configuring ehcache from ehcache-failsafe.xml  found in the classpath: jar:file:/C:/Users/AmierHaider/.m2/repository/net/sf/ehcache/ehcache/1.2.3/ehcache-1.2.3.jar!/ehcache-failsafe.xml
2011-11-15 16:51:19,545 - org.hibernate.cache.EhCacheProvider - WARN - Could not find configuration [org.hibernate.cache.UpdateTimestampsCache]; using defaults.
2011-11-15 16:51:19,559 - org.hibernate.cache.EhCacheProvider - WARN - Could not find configuration [org.hibernate.cache.StandardQueryCache]; using defaults.
2011-11-15 16:51:26,221 - com.mt.interceptor.HibernateManagedSessionContext - ERROR - org.apache.jasper.JasperException: tag 'select', field 'list', name 'countryid': The requested list key 'countries' could not be resolved as a collection/array/map/enumeration/iterator type. Example: people or people.{name} - [unknown location]
2011-11-15 16:53:51,779 - net.sf.ehcache.config.ConfigurationFactory - WARN - No configuration found. Configuring ehcache from ehcache-failsafe.xml  found in the classpath: jar:file:/C:/Users/AmierHaider/.m2/repository/net/sf/ehcache/ehcache/1.2.3/ehcache-1.2.3.jar!/ehcache-failsafe.xml
2011-11-15 16:53:52,122 - org.hibernate.cache.EhCacheProvider - WARN - Could not find configuration [org.hibernate.cache.UpdateTimestampsCache]; using defaults.
2011-11-15 16:53:52,132 - org.hibernate.cache.EhCacheProvider - WARN - Could not find configuration [org.hibernate.cache.StandardQueryCache]; using defaults.
2011-11-15 16:53:59,504 - com.mt.interceptor.HibernateManagedSessionContext - ERROR - org.apache.jasper.JasperException: tag 'select', field 'list', name 'countryId': The requested list key 'countries' could not be resolved as a collection/array/map/enumeration/iterator type. Example: people or people.{name} - [unknown location]
2011-11-15 16:54:02,133 - com.mt.interceptor.HibernateManagedSessionContext - ERROR - org.apache.jasper.JasperException: tag 'select', field 'list', name 'countryId': The requested list key 'countries' could not be resolved as a collection/array/map/enumeration/iterator type. Example: people or people.{name} - [unknown location]
2011-11-15 16:55:44,508 - net.sf.ehcache.config.ConfigurationFactory - WARN - No configuration found. Configuring ehcache from ehcache-failsafe.xml  found in the classpath: jar:file:/C:/Users/AmierHaider/.m2/repository/net/sf/ehcache/ehcache/1.2.3/ehcache-1.2.3.jar!/ehcache-failsafe.xml
2011-11-15 16:55:44,764 - org.hibernate.cache.EhCacheProvider - WARN - Could not find configuration [org.hibernate.cache.UpdateTimestampsCache]; using defaults.
2011-11-15 16:55:44,778 - org.hibernate.cache.EhCacheProvider - WARN - Could not find configuration [org.hibernate.cache.StandardQueryCache]; using defaults.
2011-11-15 16:55:52,550 - com.mt.interceptor.HibernateManagedSessionContext - ERROR - org.apache.jasper.JasperException: tag 'select', field 'list', name 'countryId': The requested list key 'countries' could not be resolved as a collection/array/map/enumeration/iterator type. Example: people or people.{name} - [unknown location]
2011-11-15 16:58:23,097 - net.sf.ehcache.config.ConfigurationFactory - WARN - No configuration found. Configuring ehcache from ehcache-failsafe.xml  found in the classpath: jar:file:/C:/Users/AmierHaider/.m2/repository/net/sf/ehcache/ehcache/1.2.3/ehcache-1.2.3.jar!/ehcache-failsafe.xml
2011-11-15 16:58:23,463 - org.hibernate.cache.EhCacheProvider - WARN - Could not find configuration [org.hibernate.cache.UpdateTimestampsCache]; using defaults.
2011-11-15 16:58:23,475 - org.hibernate.cache.EhCacheProvider - WARN - Could not find configuration [org.hibernate.cache.StandardQueryCache]; using defaults.
2011-11-15 17:07:15,120 - net.sf.ehcache.config.ConfigurationFactory - WARN - No configuration found. Configuring ehcache from ehcache-failsafe.xml  found in the classpath: jar:file:/C:/Users/AmierHaider/.m2/repository/net/sf/ehcache/ehcache/1.2.3/ehcache-1.2.3.jar!/ehcache-failsafe.xml
2011-11-15 17:07:15,381 - org.hibernate.cache.EhCacheProvider - WARN - Could not find configuration [org.hibernate.cache.UpdateTimestampsCache]; using defaults.
2011-11-15 17:07:15,393 - org.hibernate.cache.EhCacheProvider - WARN - Could not find configuration [org.hibernate.cache.StandardQueryCache]; using defaults.
2011-11-15 17:08:50,915 - org.springframework.web.context.ContextLoader - ERROR - Context initialization failed
org.springframework.beans.factory.BeanCreationException: Error creating bean with name 'sessionFactory' defined in ServletContext resource [/WEB-INF/applicationContext.xml]: Invocation of init method failed; nested exception is org.hibernate.AnnotationException: mappedBy reference an unknown target entity property: com.mt.hibernate.entities.User.userId in com.mt.hibernate.entities.State.users
	at org.springframework.beans.factory.support.AbstractAutowireCapableBeanFactory.initializeBean(AbstractAutowireCapableBeanFactory.java:1420)
	at org.springframework.beans.factory.support.AbstractAutowireCapableBeanFactory.doCreateBean(AbstractAutowireCapableBeanFactory.java:519)
	at org.springframework.beans.factory.support.AbstractAutowireCapableBeanFactory.createBean(AbstractAutowireCapableBeanFactory.java:456)
	at org.springframework.beans.factory.support.AbstractBeanFactory$1.getObject(AbstractBeanFactory.java:291)
	at org.springframework.beans.factory.support.DefaultSingletonBeanRegistry.getSingleton(DefaultSingletonBeanRegistry.java:222)
	at org.springframework.beans.factory.support.AbstractBeanFactory.doGetBean(AbstractBeanFactory.java:288)
	at org.springframework.beans.factory.support.AbstractBeanFactory.getBean(AbstractBeanFactory.java:190)
	at org.springframework.beans.factory.support.DefaultListableBeanFactory.preInstantiateSingletons(DefaultListableBeanFactory.java:563)
	at org.springframework.context.support.AbstractApplicationContext.finishBeanFactoryInitialization(AbstractApplicationContext.java:895)
	at org.springframework.context.support.AbstractApplicationContext.refresh(AbstractApplicationContext.java:425)
	at org.springframework.web.context.ContextLoader.createWebApplicationContext(ContextLoader.java:244)
	at org.springframework.web.context.ContextLoader.initWebApplicationContext(ContextLoader.java:187)
	at org.springframework.web.context.ContextLoaderListener.contextInitialized(ContextLoaderListener.java:49)
	at org.mortbay.jetty.handler.ContextHandler.startContext(ContextHandler.java:548)
	at org.mortbay.jetty.servlet.Context.startContext(Context.java:136)
	at org.mortbay.jetty.webapp.WebAppContext.startContext(WebAppContext.java:1250)
	at org.mortbay.jetty.handler.ContextHandler.doStart(ContextHandler.java:517)
	at org.mortbay.jetty.webapp.WebAppContext.doStart(WebAppContext.java:467)
	at org.mortbay.jetty.plugin.Jetty6PluginWebAppContext.doStart(Jetty6PluginWebAppContext.java:115)
	at org.mortbay.component.AbstractLifeCycle.start(AbstractLifeCycle.java:50)
	at org.mortbay.jetty.handler.HandlerCollection.doStart(HandlerCollection.java:152)
	at org.mortbay.jetty.handler.ContextHandlerCollection.doStart(ContextHandlerCollection.java:156)
	at org.mortbay.component.AbstractLifeCycle.start(AbstractLifeCycle.java:50)
	at org.mortbay.jetty.handler.HandlerCollection.doStart(HandlerCollection.java:152)
	at org.mortbay.component.AbstractLifeCycle.start(AbstractLifeCycle.java:50)
	at org.mortbay.jetty.handler.HandlerWrapper.doStart(HandlerWrapper.java:130)
	at org.mortbay.jetty.Server.doStart(Server.java:224)
	at org.mortbay.component.AbstractLifeCycle.start(AbstractLifeCycle.java:50)
	at org.mortbay.jetty.plugin.Jetty6PluginServer.start(Jetty6PluginServer.java:132)
	at org.mortbay.jetty.plugin.AbstractJettyMojo.startJetty(AbstractJettyMojo.java:441)
	at org.mortbay.jetty.plugin.AbstractJettyMojo.execute(AbstractJettyMojo.java:383)
	at org.mortbay.jetty.plugin.AbstractJettyRunMojo.execute(AbstractJettyRunMojo.java:210)
	at org.mortbay.jetty.plugin.Jetty6RunMojo.execute(Jetty6RunMojo.java:184)
	at org.apache.maven.plugin.DefaultBuildPluginManager.executeMojo(DefaultBuildPluginManager.java:101)
	at org.apache.maven.lifecycle.internal.MojoExecutor.execute(MojoExecutor.java:209)
	at org.apache.maven.lifecycle.internal.MojoExecutor.execute(MojoExecutor.java:153)
	at org.apache.maven.lifecycle.internal.MojoExecutor.execute(MojoExecutor.java:145)
	at org.apache.maven.lifecycle.internal.LifecycleModuleBuilder.buildProject(LifecycleModuleBuilder.java:84)
	at org.apache.maven.lifecycle.internal.LifecycleModuleBuilder.buildProject(LifecycleModuleBuilder.java:59)
	at org.apache.maven.lifecycle.internal.LifecycleStarter.singleThreadedBuild(LifecycleStarter.java:183)
	at org.apache.maven.lifecycle.internal.LifecycleStarter.execute(LifecycleStarter.java:161)
	at org.apache.maven.DefaultMaven.doExecute(DefaultMaven.java:319)
	at org.apache.maven.DefaultMaven.execute(DefaultMaven.java:156)
	at org.apache.maven.cli.MavenCli.execute(MavenCli.java:537)
	at org.apache.maven.cli.MavenCli.doMain(MavenCli.java:196)
	at org.apache.maven.cli.MavenCli.main(MavenCli.java:141)
	at sun.reflect.NativeMethodAccessorImpl.invoke0(Native Method)
	at sun.reflect.NativeMethodAccessorImpl.invoke(NativeMethodAccessorImpl.java:39)
	at sun.reflect.DelegatingMethodAccessorImpl.invoke(DelegatingMethodAccessorImpl.java:25)
	at java.lang.reflect.Method.invoke(Method.java:597)
	at org.codehaus.plexus.classworlds.launcher.Launcher.launchEnhanced(Launcher.java:290)
	at org.codehaus.plexus.classworlds.launcher.Launcher.launch(Launcher.java:230)
	at org.codehaus.plexus.classworlds.launcher.Launcher.mainWithExitCode(Launcher.java:409)
	at org.codehaus.plexus.classworlds.launcher.Launcher.main(Launcher.java:352)
Caused by: org.hibernate.AnnotationException: mappedBy reference an unknown target entity property: com.mt.hibernate.entities.User.userId in com.mt.hibernate.entities.State.users
	at org.hibernate.cfg.annotations.CollectionBinder.bindStarToManySecondPass(CollectionBinder.java:578)
	at org.hibernate.cfg.annotations.CollectionBinder$1.secondPass(CollectionBinder.java:543)
	at org.hibernate.cfg.CollectionSecondPass.doSecondPass(CollectionSecondPass.java:66)
	at org.hibernate.cfg.Configuration.secondPassCompile(Configuration.java:1177)
	at org.hibernate.cfg.AnnotationConfiguration.secondPassCompile(AnnotationConfiguration.java:329)
	at org.hibernate.cfg.Configuration.buildMappings(Configuration.java:1162)
	at org.springframework.orm.hibernate3.LocalSessionFactoryBean.buildSessionFactory(LocalSessionFactoryBean.java:717)
	at org.springframework.orm.hibernate3.AbstractSessionFactoryBean.afterPropertiesSet(AbstractSessionFactoryBean.java:211)
	at org.springframework.beans.factory.support.AbstractAutowireCapableBeanFactory.invokeInitMethods(AbstractAutowireCapableBeanFactory.java:1477)
	at org.springframework.beans.factory.support.AbstractAutowireCapableBeanFactory.initializeBean(AbstractAutowireCapableBeanFactory.java:1417)
	... 53 more
2011-11-15 17:53:21,066 - org.springframework.web.context.ContextLoader - ERROR - Context initialization failed
org.springframework.beans.factory.BeanCreationException: Error creating bean with name 'sessionFactory' defined in ServletContext resource [/WEB-INF/applicationContext.xml]: Invocation of init method failed; nested exception is org.hibernate.AnnotationException: mappedBy reference an unknown target entity property: com.mt.hibernate.entities.User.userId in com.mt.hibernate.entities.State.users
	at org.springframework.beans.factory.support.AbstractAutowireCapableBeanFactory.initializeBean(AbstractAutowireCapableBeanFactory.java:1420)
	at org.springframework.beans.factory.support.AbstractAutowireCapableBeanFactory.doCreateBean(AbstractAutowireCapableBeanFactory.java:519)
	at org.springframework.beans.factory.support.AbstractAutowireCapableBeanFactory.createBean(AbstractAutowireCapableBeanFactory.java:456)
	at org.springframework.beans.factory.support.AbstractBeanFactory$1.getObject(AbstractBeanFactory.java:291)
	at org.springframework.beans.factory.support.DefaultSingletonBeanRegistry.getSingleton(DefaultSingletonBeanRegistry.java:222)
	at org.springframework.beans.factory.support.AbstractBeanFactory.doGetBean(AbstractBeanFactory.java:288)
	at org.springframework.beans.factory.support.AbstractBeanFactory.getBean(AbstractBeanFactory.java:190)
	at org.springframework.beans.factory.support.DefaultListableBeanFactory.preInstantiateSingletons(DefaultListableBeanFactory.java:563)
	at org.springframework.context.support.AbstractApplicationContext.finishBeanFactoryInitialization(AbstractApplicationContext.java:895)
	at org.springframework.context.support.AbstractApplicationContext.refresh(AbstractApplicationContext.java:425)
	at org.springframework.web.context.ContextLoader.createWebApplicationContext(ContextLoader.java:244)
	at org.springframework.web.context.ContextLoader.initWebApplicationContext(ContextLoader.java:187)
	at org.springframework.web.context.ContextLoaderListener.contextInitialized(ContextLoaderListener.java:49)
	at org.mortbay.jetty.handler.ContextHandler.startContext(ContextHandler.java:548)
	at org.mortbay.jetty.servlet.Context.startContext(Context.java:136)
	at org.mortbay.jetty.webapp.WebAppContext.startContext(WebAppContext.java:1250)
	at org.mortbay.jetty.handler.ContextHandler.doStart(ContextHandler.java:517)
	at org.mortbay.jetty.webapp.WebAppContext.doStart(WebAppContext.java:467)
	at org.mortbay.jetty.plugin.Jetty6PluginWebAppContext.doStart(Jetty6PluginWebAppContext.java:115)
	at org.mortbay.component.AbstractLifeCycle.start(AbstractLifeCycle.java:50)
	at org.mortbay.jetty.handler.HandlerCollection.doStart(HandlerCollection.java:152)
	at org.mortbay.jetty.handler.ContextHandlerCollection.doStart(ContextHandlerCollection.java:156)
	at org.mortbay.component.AbstractLifeCycle.start(AbstractLifeCycle.java:50)
	at org.mortbay.jetty.handler.HandlerCollection.doStart(HandlerCollection.java:152)
	at org.mortbay.component.AbstractLifeCycle.start(AbstractLifeCycle.java:50)
	at org.mortbay.jetty.handler.HandlerWrapper.doStart(HandlerWrapper.java:130)
	at org.mortbay.jetty.Server.doStart(Server.java:224)
	at org.mortbay.component.AbstractLifeCycle.start(AbstractLifeCycle.java:50)
	at org.mortbay.jetty.plugin.Jetty6PluginServer.start(Jetty6PluginServer.java:132)
	at org.mortbay.jetty.plugin.AbstractJettyMojo.startJetty(AbstractJettyMojo.java:441)
	at org.mortbay.jetty.plugin.AbstractJettyMojo.execute(AbstractJettyMojo.java:383)
	at org.mortbay.jetty.plugin.AbstractJettyRunMojo.execute(AbstractJettyRunMojo.java:210)
	at org.mortbay.jetty.plugin.Jetty6RunMojo.execute(Jetty6RunMojo.java:184)
	at org.apache.maven.plugin.DefaultBuildPluginManager.executeMojo(DefaultBuildPluginManager.java:101)
	at org.apache.maven.lifecycle.internal.MojoExecutor.execute(MojoExecutor.java:209)
	at org.apache.maven.lifecycle.internal.MojoExecutor.execute(MojoExecutor.java:153)
	at org.apache.maven.lifecycle.internal.MojoExecutor.execute(MojoExecutor.java:145)
	at org.apache.maven.lifecycle.internal.LifecycleModuleBuilder.buildProject(LifecycleModuleBuilder.java:84)
	at org.apache.maven.lifecycle.internal.LifecycleModuleBuilder.buildProject(LifecycleModuleBuilder.java:59)
	at org.apache.maven.lifecycle.internal.LifecycleStarter.singleThreadedBuild(LifecycleStarter.java:183)
	at org.apache.maven.lifecycle.internal.LifecycleStarter.execute(LifecycleStarter.java:161)
	at org.apache.maven.DefaultMaven.doExecute(DefaultMaven.java:319)
	at org.apache.maven.DefaultMaven.execute(DefaultMaven.java:156)
	at org.apache.maven.cli.MavenCli.execute(MavenCli.java:537)
	at org.apache.maven.cli.MavenCli.doMain(MavenCli.java:196)
	at org.apache.maven.cli.MavenCli.main(MavenCli.java:141)
	at sun.reflect.NativeMethodAccessorImpl.invoke0(Native Method)
	at sun.reflect.NativeMethodAccessorImpl.invoke(NativeMethodAccessorImpl.java:39)
	at sun.reflect.DelegatingMethodAccessorImpl.invoke(DelegatingMethodAccessorImpl.java:25)
	at java.lang.reflect.Method.invoke(Method.java:597)
	at org.codehaus.plexus.classworlds.launcher.Launcher.launchEnhanced(Launcher.java:290)
	at org.codehaus.plexus.classworlds.launcher.Launcher.launch(Launcher.java:230)
	at org.codehaus.plexus.classworlds.launcher.Launcher.mainWithExitCode(Launcher.java:409)
	at org.codehaus.plexus.classworlds.launcher.Launcher.main(Launcher.java:352)
Caused by: org.hibernate.AnnotationException: mappedBy reference an unknown target entity property: com.mt.hibernate.entities.User.userId in com.mt.hibernate.entities.State.users
	at org.hibernate.cfg.annotations.CollectionBinder.bindStarToManySecondPass(CollectionBinder.java:578)
	at org.hibernate.cfg.annotations.CollectionBinder$1.secondPass(CollectionBinder.java:543)
	at org.hibernate.cfg.CollectionSecondPass.doSecondPass(CollectionSecondPass.java:66)
	at org.hibernate.cfg.Configuration.secondPassCompile(Configuration.java:1177)
	at org.hibernate.cfg.AnnotationConfiguration.secondPassCompile(AnnotationConfiguration.java:329)
	at org.hibernate.cfg.Configuration.buildMappings(Configuration.java:1162)
	at org.springframework.orm.hibernate3.LocalSessionFactoryBean.buildSessionFactory(LocalSessionFactoryBean.java:717)
	at org.springframework.orm.hibernate3.AbstractSessionFactoryBean.afterPropertiesSet(AbstractSessionFactoryBean.java:211)
	at org.springframework.beans.factory.support.AbstractAutowireCapableBeanFactory.invokeInitMethods(AbstractAutowireCapableBeanFactory.java:1477)
	at org.springframework.beans.factory.support.AbstractAutowireCapableBeanFactory.initializeBean(AbstractAutowireCapableBeanFactory.java:1417)
	... 53 more
2011-11-15 17:55:42,648 - net.sf.ehcache.config.ConfigurationFactory - WARN - No configuration found. Configuring ehcache from ehcache-failsafe.xml  found in the classpath: jar:file:/C:/Users/AmierHaider/.m2/repository/net/sf/ehcache/ehcache/1.2.3/ehcache-1.2.3.jar!/ehcache-failsafe.xml
2011-11-15 17:55:42,918 - org.springframework.web.context.ContextLoader - ERROR - Context initialization failed
org.springframework.beans.factory.BeanCreationException: Error creating bean with name 'sessionFactory' defined in ServletContext resource [/WEB-INF/applicationContext.xml]: Invocation of init method failed; nested exception is org.hibernate.HibernateException: Unable to instantiate default tuplizer [org.hibernate.tuple.entity.PojoEntityTuplizer]
	at org.springframework.beans.factory.support.AbstractAutowireCapableBeanFactory.initializeBean(AbstractAutowireCapableBeanFactory.java:1420)
	at org.springframework.beans.factory.support.AbstractAutowireCapableBeanFactory.doCreateBean(AbstractAutowireCapableBeanFactory.java:519)
	at org.springframework.beans.factory.support.AbstractAutowireCapableBeanFactory.createBean(AbstractAutowireCapableBeanFactory.java:456)
	at org.springframework.beans.factory.support.AbstractBeanFactory$1.getObject(AbstractBeanFactory.java:291)
	at org.springframework.beans.factory.support.DefaultSingletonBeanRegistry.getSingleton(DefaultSingletonBeanRegistry.java:222)
	at org.springframework.beans.factory.support.AbstractBeanFactory.doGetBean(AbstractBeanFactory.java:288)
	at org.springframework.beans.factory.support.AbstractBeanFactory.getBean(AbstractBeanFactory.java:190)
	at org.springframework.beans.factory.support.DefaultListableBeanFactory.preInstantiateSingletons(DefaultListableBeanFactory.java:563)
	at org.springframework.context.support.AbstractApplicationContext.finishBeanFactoryInitialization(AbstractApplicationContext.java:895)
	at org.springframework.context.support.AbstractApplicationContext.refresh(AbstractApplicationContext.java:425)
	at org.springframework.web.context.ContextLoader.createWebApplicationContext(ContextLoader.java:244)
	at org.springframework.web.context.ContextLoader.initWebApplicationContext(ContextLoader.java:187)
	at org.springframework.web.context.ContextLoaderListener.contextInitialized(ContextLoaderListener.java:49)
	at org.mortbay.jetty.handler.ContextHandler.startContext(ContextHandler.java:548)
	at org.mortbay.jetty.servlet.Context.startContext(Context.java:136)
	at org.mortbay.jetty.webapp.WebAppContext.startContext(WebAppContext.java:1250)
	at org.mortbay.jetty.handler.ContextHandler.doStart(ContextHandler.java:517)
	at org.mortbay.jetty.webapp.WebAppContext.doStart(WebAppContext.java:467)
	at org.mortbay.jetty.plugin.Jetty6PluginWebAppContext.doStart(Jetty6PluginWebAppContext.java:115)
	at org.mortbay.component.AbstractLifeCycle.start(AbstractLifeCycle.java:50)
	at org.mortbay.jetty.handler.HandlerCollection.doStart(HandlerCollection.java:152)
	at org.mortbay.jetty.handler.ContextHandlerCollection.doStart(ContextHandlerCollection.java:156)
	at org.mortbay.component.AbstractLifeCycle.start(AbstractLifeCycle.java:50)
	at org.mortbay.jetty.handler.HandlerCollection.doStart(HandlerCollection.java:152)
	at org.mortbay.component.AbstractLifeCycle.start(AbstractLifeCycle.java:50)
	at org.mortbay.jetty.handler.HandlerWrapper.doStart(HandlerWrapper.java:130)
	at org.mortbay.jetty.Server.doStart(Server.java:224)
	at org.mortbay.component.AbstractLifeCycle.start(AbstractLifeCycle.java:50)
	at org.mortbay.jetty.plugin.Jetty6PluginServer.start(Jetty6PluginServer.java:132)
	at org.mortbay.jetty.plugin.AbstractJettyMojo.startJetty(AbstractJettyMojo.java:441)
	at org.mortbay.jetty.plugin.AbstractJettyMojo.execute(AbstractJettyMojo.java:383)
	at org.mortbay.jetty.plugin.AbstractJettyRunMojo.execute(AbstractJettyRunMojo.java:210)
	at org.mortbay.jetty.plugin.Jetty6RunMojo.execute(Jetty6RunMojo.java:184)
	at org.apache.maven.plugin.DefaultBuildPluginManager.executeMojo(DefaultBuildPluginManager.java:101)
	at org.apache.maven.lifecycle.internal.MojoExecutor.execute(MojoExecutor.java:209)
	at org.apache.maven.lifecycle.internal.MojoExecutor.execute(MojoExecutor.java:153)
	at org.apache.maven.lifecycle.internal.MojoExecutor.execute(MojoExecutor.java:145)
	at org.apache.maven.lifecycle.internal.LifecycleModuleBuilder.buildProject(LifecycleModuleBuilder.java:84)
	at org.apache.maven.lifecycle.internal.LifecycleModuleBuilder.buildProject(LifecycleModuleBuilder.java:59)
	at org.apache.maven.lifecycle.internal.LifecycleStarter.singleThreadedBuild(LifecycleStarter.java:183)
	at org.apache.maven.lifecycle.internal.LifecycleStarter.execute(LifecycleStarter.java:161)
	at org.apache.maven.DefaultMaven.doExecute(DefaultMaven.java:319)
	at org.apache.maven.DefaultMaven.execute(DefaultMaven.java:156)
	at org.apache.maven.cli.MavenCli.execute(MavenCli.java:537)
	at org.apache.maven.cli.MavenCli.doMain(MavenCli.java:196)
	at org.apache.maven.cli.MavenCli.main(MavenCli.java:141)
	at sun.reflect.NativeMethodAccessorImpl.invoke0(Native Method)
	at sun.reflect.NativeMethodAccessorImpl.invoke(NativeMethodAccessorImpl.java:39)
	at sun.reflect.DelegatingMethodAccessorImpl.invoke(DelegatingMethodAccessorImpl.java:25)
	at java.lang.reflect.Method.invoke(Method.java:597)
	at org.codehaus.plexus.classworlds.launcher.Launcher.launchEnhanced(Launcher.java:290)
	at org.codehaus.plexus.classworlds.launcher.Launcher.launch(Launcher.java:230)
	at org.codehaus.plexus.classworlds.launcher.Launcher.mainWithExitCode(Launcher.java:409)
	at org.codehaus.plexus.classworlds.launcher.Launcher.main(Launcher.java:352)
Caused by: org.hibernate.HibernateException: Unable to instantiate default tuplizer [org.hibernate.tuple.entity.PojoEntityTuplizer]
	at org.hibernate.tuple.entity.EntityTuplizerFactory.constructTuplizer(EntityTuplizerFactory.java:110)
	at org.hibernate.tuple.entity.EntityTuplizerFactory.constructDefaultTuplizer(EntityTuplizerFactory.java:135)
	at org.hibernate.tuple.entity.EntityEntityModeToTuplizerMapping.<init>(EntityEntityModeToTuplizerMapping.java:80)
	at org.hibernate.tuple.entity.EntityMetamodel.<init>(EntityMetamodel.java:323)
	at org.hibernate.persister.entity.AbstractEntityPersister.<init>(AbstractEntityPersister.java:456)
	at org.hibernate.persister.entity.SingleTableEntityPersister.<init>(SingleTableEntityPersister.java:131)
	at org.hibernate.persister.PersisterFactory.createClassPersister(PersisterFactory.java:84)
	at org.hibernate.impl.SessionFactoryImpl.<init>(SessionFactoryImpl.java:267)
	at org.hibernate.cfg.Configuration.buildSessionFactory(Configuration.java:1341)
	at org.hibernate.cfg.AnnotationConfiguration.buildSessionFactory(AnnotationConfiguration.java:867)
	at org.springframework.orm.hibernate3.LocalSessionFactoryBean.newSessionFactory(LocalSessionFactoryBean.java:860)
	at org.springframework.orm.hibernate3.LocalSessionFactoryBean.buildSessionFactory(LocalSessionFactoryBean.java:779)
	at org.springframework.orm.hibernate3.AbstractSessionFactoryBean.afterPropertiesSet(AbstractSessionFactoryBean.java:211)
	at org.springframework.beans.factory.support.AbstractAutowireCapableBeanFactory.invokeInitMethods(AbstractAutowireCapableBeanFactory.java:1477)
	at org.springframework.beans.factory.support.AbstractAutowireCapableBeanFactory.initializeBean(AbstractAutowireCapableBeanFactory.java:1417)
	... 53 more
Caused by: java.lang.reflect.InvocationTargetException
	at sun.reflect.NativeConstructorAccessorImpl.newInstance0(Native Method)
	at sun.reflect.NativeConstructorAccessorImpl.newInstance(NativeConstructorAccessorImpl.java:39)
	at sun.reflect.DelegatingConstructorAccessorImpl.newInstance(DelegatingConstructorAccessorImpl.java:27)
	at java.lang.reflect.Constructor.newInstance(Constructor.java:513)
	at org.hibernate.tuple.entity.EntityTuplizerFactory.constructTuplizer(EntityTuplizerFactory.java:107)
	... 67 more
Caused by: org.hibernate.PropertyNotFoundException: Could not find a setter for property states in class com.mt.hibernate.entities.Country
	at org.hibernate.property.BasicPropertyAccessor.createSetter(BasicPropertyAccessor.java:240)
	at org.hibernate.property.BasicPropertyAccessor.getSetter(BasicPropertyAccessor.java:233)
	at org.hibernate.mapping.Property.getSetter(Property.java:299)
	at org.hibernate.tuple.entity.PojoEntityTuplizer.buildPropertySetter(PojoEntityTuplizer.java:307)
	at org.hibernate.tuple.entity.AbstractEntityTuplizer.<init>(AbstractEntityTuplizer.java:142)
	at org.hibernate.tuple.entity.PojoEntityTuplizer.<init>(PojoEntityTuplizer.java:78)
	... 72 more
2011-11-15 17:57:19,619 - net.sf.ehcache.config.ConfigurationFactory - WARN - No configuration found. Configuring ehcache from ehcache-failsafe.xml  found in the classpath: jar:file:/C:/Users/AmierHaider/.m2/repository/net/sf/ehcache/ehcache/1.2.3/ehcache-1.2.3.jar!/ehcache-failsafe.xml
2011-11-15 17:57:21,242 - org.hibernate.cache.EhCacheProvider - WARN - Could not find configuration [org.hibernate.cache.UpdateTimestampsCache]; using defaults.
2011-11-15 17:57:21,266 - org.hibernate.cache.EhCacheProvider - WARN - Could not find configuration [org.hibernate.cache.StandardQueryCache]; using defaults.
2011-11-15 18:02:53,933 - net.sf.ehcache.config.ConfigurationFactory - WARN - No configuration found. Configuring ehcache from ehcache-failsafe.xml  found in the classpath: jar:file:/C:/Users/AmierHaider/.m2/repository/net/sf/ehcache/ehcache/1.2.3/ehcache-1.2.3.jar!/ehcache-failsafe.xml
2011-11-15 18:02:54,241 - org.hibernate.cache.EhCacheProvider - WARN - Could not find configuration [org.hibernate.cache.UpdateTimestampsCache]; using defaults.
2011-11-15 18:02:54,253 - org.hibernate.cache.EhCacheProvider - WARN - Could not find configuration [org.hibernate.cache.StandardQueryCache]; using defaults.
2011-11-15 18:17:47,493 - net.sf.ehcache.config.ConfigurationFactory - WARN - No configuration found. Configuring ehcache from ehcache-failsafe.xml  found in the classpath: jar:file:/C:/Users/AmierHaider/.m2/repository/net/sf/ehcache/ehcache/1.2.3/ehcache-1.2.3.jar!/ehcache-failsafe.xml
2011-11-15 18:17:47,915 - org.hibernate.cache.EhCacheProvider - WARN - Could not find configuration [org.hibernate.cache.UpdateTimestampsCache]; using defaults.
2011-11-15 18:17:47,927 - org.hibernate.cache.EhCacheProvider - WARN - Could not find configuration [org.hibernate.cache.StandardQueryCache]; using defaults.
2011-11-15 18:17:54,161 - com.mt.interceptor.HibernateManagedSessionContext - ERROR - java.lang.NullPointerException
2011-11-15 18:17:59,459 - com.mt.interceptor.HibernateManagedSessionContext - ERROR - java.lang.NullPointerException
2011-11-15 18:21:50,646 - net.sf.ehcache.config.ConfigurationFactory - WARN - No configuration found. Configuring ehcache from ehcache-failsafe.xml  found in the classpath: jar:file:/C:/Users/AmierHaider/.m2/repository/net/sf/ehcache/ehcache/1.2.3/ehcache-1.2.3.jar!/ehcache-failsafe.xml
2011-11-15 18:21:51,044 - org.hibernate.cache.EhCacheProvider - WARN - Could not find configuration [org.hibernate.cache.UpdateTimestampsCache]; using defaults.
2011-11-15 18:21:51,054 - org.hibernate.cache.EhCacheProvider - WARN - Could not find configuration [org.hibernate.cache.StandardQueryCache]; using defaults.
2011-11-15 18:21:58,266 - com.mt.interceptor.HibernateManagedSessionContext - ERROR - java.lang.NullPointerException
2011-11-15 18:22:28,242 - com.mt.interceptor.HibernateManagedSessionContext - ERROR - java.lang.NullPointerException
2011-11-15 18:22:33,773 - com.mt.interceptor.HibernateManagedSessionContext - ERROR - java.lang.NullPointerException
2011-11-15 18:24:59,885 - com.mt.interceptor.HibernateManagedSessionContext - ERROR - java.lang.NullPointerException
2011-11-15 18:25:03,577 - com.mt.interceptor.HibernateManagedSessionContext - ERROR - java.lang.NullPointerException
2011-11-15 18:26:56,363 - net.sf.ehcache.config.ConfigurationFactory - WARN - No configuration found. Configuring ehcache from ehcache-failsafe.xml  found in the classpath: jar:file:/C:/Users/AmierHaider/.m2/repository/net/sf/ehcache/ehcache/1.2.3/ehcache-1.2.3.jar!/ehcache-failsafe.xml
2011-11-15 18:26:56,821 - org.hibernate.cache.EhCacheProvider - WARN - Could not find configuration [org.hibernate.cache.UpdateTimestampsCache]; using defaults.
2011-11-15 18:26:56,833 - org.hibernate.cache.EhCacheProvider - WARN - Could not find configuration [org.hibernate.cache.StandardQueryCache]; using defaults.
2011-11-15 18:27:01,231 - com.mt.interceptor.HibernateManagedSessionContext - ERROR - java.lang.NullPointerException
2011-11-15 18:27:06,581 - com.mt.interceptor.HibernateManagedSessionContext - ERROR - java.lang.NullPointerException
2011-11-15 18:29:33,834 - net.sf.ehcache.config.ConfigurationFactory - WARN - No configuration found. Configuring ehcache from ehcache-failsafe.xml  found in the classpath: jar:file:/C:/Users/AmierHaider/.m2/repository/net/sf/ehcache/ehcache/1.2.3/ehcache-1.2.3.jar!/ehcache-failsafe.xml
2011-11-15 18:29:34,234 - org.hibernate.cache.EhCacheProvider - WARN - Could not find configuration [org.hibernate.cache.UpdateTimestampsCache]; using defaults.
2011-11-15 18:29:34,244 - org.hibernate.cache.EhCacheProvider - WARN - Could not find configuration [org.hibernate.cache.StandardQueryCache]; using defaults.
2011-11-15 18:29:41,555 - com.mt.interceptor.HibernateManagedSessionContext - ERROR - java.lang.NullPointerException
2011-11-15 18:29:47,403 - com.mt.interceptor.HibernateManagedSessionContext - ERROR - java.lang.NullPointerException
2011-11-15 18:41:48,377 - net.sf.ehcache.config.ConfigurationFactory - WARN - No configuration found. Configuring ehcache from ehcache-failsafe.xml  found in the classpath: jar:file:/C:/Users/AmierHaider/.m2/repository/net/sf/ehcache/ehcache/1.2.3/ehcache-1.2.3.jar!/ehcache-failsafe.xml
2011-11-15 18:41:48,763 - org.hibernate.cache.EhCacheProvider - WARN - Could not find configuration [org.hibernate.cache.UpdateTimestampsCache]; using defaults.
2011-11-15 18:41:48,775 - org.hibernate.cache.EhCacheProvider - WARN - Could not find configuration [org.hibernate.cache.StandardQueryCache]; using defaults.
2011-11-15 18:41:57,894 - com.mt.interceptor.HibernateManagedSessionContext - ERROR - 
2011-11-15 18:41:57,895 - com.mt.interceptor.HibernateManagedSessionContext - ERROR - java.lang.NullPointerException
2011-11-15 18:42:00,930 - com.mt.interceptor.HibernateManagedSessionContext - ERROR - 
2011-11-15 18:42:00,931 - com.mt.interceptor.HibernateManagedSessionContext - ERROR - java.lang.NullPointerException
2011-11-15 19:02:18,795 - net.sf.ehcache.config.ConfigurationFactory - WARN - No configuration found. Configuring ehcache from ehcache-failsafe.xml  found in the classpath: jar:file:/C:/Users/AmierHaider/.m2/repository/net/sf/ehcache/ehcache/1.2.3/ehcache-1.2.3.jar!/ehcache-failsafe.xml
2011-11-15 19:02:19,213 - org.hibernate.cache.EhCacheProvider - WARN - Could not find configuration [org.hibernate.cache.UpdateTimestampsCache]; using defaults.
2011-11-15 19:02:19,226 - org.hibernate.cache.EhCacheProvider - WARN - Could not find configuration [org.hibernate.cache.StandardQueryCache]; using defaults.
2011-11-15 19:04:46,615 - com.mt.interceptor.HibernateManagedSessionContext - ERROR - java.lang.NullPointerException
2011-11-15 19:04:50,729 - com.mt.interceptor.HibernateManagedSessionContext - ERROR - java.lang.NullPointerException
2011-11-15 19:15:52,301 - net.sf.ehcache.config.ConfigurationFactory - WARN - No configuration found. Configuring ehcache from ehcache-failsafe.xml  found in the classpath: jar:file:/C:/Users/AmierHaider/.m2/repository/net/sf/ehcache/ehcache/1.2.3/ehcache-1.2.3.jar!/ehcache-failsafe.xml
2011-11-15 19:15:52,598 - org.hibernate.cache.EhCacheProvider - WARN - Could not find configuration [org.hibernate.cache.UpdateTimestampsCache]; using defaults.
2011-11-15 19:15:52,608 - org.hibernate.cache.EhCacheProvider - WARN - Could not find configuration [org.hibernate.cache.StandardQueryCache]; using defaults.
2011-11-15 19:16:01,046 - com.mt.interceptor.HibernateManagedSessionContext - ERROR - java.lang.NullPointerException
2011-11-15 19:16:52,940 - net.sf.ehcache.config.ConfigurationFactory - WARN - No configuration found. Configuring ehcache from ehcache-failsafe.xml  found in the classpath: jar:file:/C:/Users/AmierHaider/.m2/repository/net/sf/ehcache/ehcache/1.2.3/ehcache-1.2.3.jar!/ehcache-failsafe.xml
2011-11-15 19:16:53,244 - org.hibernate.cache.EhCacheProvider - WARN - Could not find configuration [org.hibernate.cache.UpdateTimestampsCache]; using defaults.
2011-11-15 19:16:53,256 - org.hibernate.cache.EhCacheProvider - WARN - Could not find configuration [org.hibernate.cache.StandardQueryCache]; using defaults.
2011-11-15 19:17:28,339 - com.mt.interceptor.HibernateManagedSessionContext - ERROR - java.lang.NullPointerException
2011-11-15 19:20:16,430 - net.sf.ehcache.config.ConfigurationFactory - WARN - No configuration found. Configuring ehcache from ehcache-failsafe.xml  found in the classpath: jar:file:/C:/Users/AmierHaider/.m2/repository/net/sf/ehcache/ehcache/1.2.3/ehcache-1.2.3.jar!/ehcache-failsafe.xml
2011-11-15 19:20:16,859 - org.hibernate.cache.EhCacheProvider - WARN - Could not find configuration [org.hibernate.cache.UpdateTimestampsCache]; using defaults.
2011-11-15 19:20:16,879 - org.hibernate.cache.EhCacheProvider - WARN - Could not find configuration [org.hibernate.cache.StandardQueryCache]; using defaults.
2011-11-15 19:20:29,528 - com.mt.interceptor.HibernateManagedSessionContext - ERROR - java.lang.NullPointerException
2011-11-15 19:22:59,155 - net.sf.ehcache.config.ConfigurationFactory - WARN - No configuration found. Configuring ehcache from ehcache-failsafe.xml  found in the classpath: jar:file:/C:/Users/AmierHaider/.m2/repository/net/sf/ehcache/ehcache/1.2.3/ehcache-1.2.3.jar!/ehcache-failsafe.xml
2011-11-15 19:23:00,090 - org.hibernate.cache.EhCacheProvider - WARN - Could not find configuration [org.hibernate.cache.UpdateTimestampsCache]; using defaults.
2011-11-15 19:23:00,109 - org.hibernate.cache.EhCacheProvider - WARN - Could not find configuration [org.hibernate.cache.StandardQueryCache]; using defaults.
2011-11-15 19:24:43,572 - net.sf.ehcache.config.ConfigurationFactory - WARN - No configuration found. Configuring ehcache from ehcache-failsafe.xml  found in the classpath: jar:file:/C:/Users/AmierHaider/.m2/repository/net/sf/ehcache/ehcache/1.2.3/ehcache-1.2.3.jar!/ehcache-failsafe.xml
2011-11-15 19:24:44,498 - org.hibernate.cache.EhCacheProvider - WARN - Could not find configuration [org.hibernate.cache.UpdateTimestampsCache]; using defaults.
2011-11-15 19:24:44,528 - org.hibernate.cache.EhCacheProvider - WARN - Could not find configuration [org.hibernate.cache.StandardQueryCache]; using defaults.
2011-11-15 19:26:28,927 - net.sf.ehcache.config.ConfigurationFactory - WARN - No configuration found. Configuring ehcache from ehcache-failsafe.xml  found in the classpath: jar:file:/C:/Users/AmierHaider/.m2/repository/net/sf/ehcache/ehcache/1.2.3/ehcache-1.2.3.jar!/ehcache-failsafe.xml
2011-11-15 19:26:29,227 - org.hibernate.cache.EhCacheProvider - WARN - Could not find configuration [org.hibernate.cache.UpdateTimestampsCache]; using defaults.
2011-11-15 19:26:29,247 - org.hibernate.cache.EhCacheProvider - WARN - Could not find configuration [org.hibernate.cache.StandardQueryCache]; using defaults.
2011-11-15 19:26:59,960 - net.sf.ehcache.config.ConfigurationFactory - WARN - No configuration found. Configuring ehcache from ehcache-failsafe.xml  found in the classpath: jar:file:/C:/Users/AmierHaider/.m2/repository/net/sf/ehcache/ehcache/1.2.3/ehcache-1.2.3.jar!/ehcache-failsafe.xml
2011-11-15 19:27:00,778 - org.hibernate.cache.EhCacheProvider - WARN - Could not find configuration [org.hibernate.cache.UpdateTimestampsCache]; using defaults.
2011-11-15 19:27:00,804 - org.hibernate.cache.EhCacheProvider - WARN - Could not find configuration [org.hibernate.cache.StandardQueryCache]; using defaults.
2011-11-15 19:28:47,735 - net.sf.ehcache.config.ConfigurationFactory - WARN - No configuration found. Configuring ehcache from ehcache-failsafe.xml  found in the classpath: jar:file:/C:/Users/AmierHaider/.m2/repository/net/sf/ehcache/ehcache/1.2.3/ehcache-1.2.3.jar!/ehcache-failsafe.xml
2011-11-15 19:28:48,731 - org.hibernate.cache.EhCacheProvider - WARN - Could not find configuration [org.hibernate.cache.UpdateTimestampsCache]; using defaults.
2011-11-15 19:28:48,763 - org.hibernate.cache.EhCacheProvider - WARN - Could not find configuration [org.hibernate.cache.StandardQueryCache]; using defaults.
2011-11-15 19:31:47,163 - net.sf.ehcache.config.ConfigurationFactory - WARN - No configuration found. Configuring ehcache from ehcache-failsafe.xml  found in the classpath: jar:file:/C:/Users/AmierHaider/.m2/repository/net/sf/ehcache/ehcache/1.2.3/ehcache-1.2.3.jar!/ehcache-failsafe.xml
2011-11-15 19:31:47,971 - org.hibernate.cache.EhCacheProvider - WARN - Could not find configuration [org.hibernate.cache.UpdateTimestampsCache]; using defaults.
2011-11-15 19:31:47,988 - org.hibernate.cache.EhCacheProvider - WARN - Could not find configuration [org.hibernate.cache.StandardQueryCache]; using defaults.
2011-11-15 19:34:10,536 - net.sf.ehcache.config.ConfigurationFactory - WARN - No configuration found. Configuring ehcache from ehcache-failsafe.xml  found in the classpath: jar:file:/C:/Users/AmierHaider/.m2/repository/net/sf/ehcache/ehcache/1.2.3/ehcache-1.2.3.jar!/ehcache-failsafe.xml
2011-11-15 19:34:11,409 - org.hibernate.cache.EhCacheProvider - WARN - Could not find configuration [org.hibernate.cache.UpdateTimestampsCache]; using defaults.
2011-11-15 19:34:11,443 - org.hibernate.cache.EhCacheProvider - WARN - Could not find configuration [org.hibernate.cache.StandardQueryCache]; using defaults.
2011-11-15 19:39:19,027 - net.sf.ehcache.config.ConfigurationFactory - WARN - No configuration found. Configuring ehcache from ehcache-failsafe.xml  found in the classpath: jar:file:/C:/Users/AmierHaider/.m2/repository/net/sf/ehcache/ehcache/1.2.3/ehcache-1.2.3.jar!/ehcache-failsafe.xml
2011-11-15 19:39:19,817 - org.hibernate.cache.EhCacheProvider - WARN - Could not find configuration [org.hibernate.cache.UpdateTimestampsCache]; using defaults.
2011-11-15 19:39:19,837 - org.hibernate.cache.EhCacheProvider - WARN - Could not find configuration [org.hibernate.cache.StandardQueryCache]; using defaults.
2011-11-15 19:41:00,156 - net.sf.ehcache.config.ConfigurationFactory - WARN - No configuration found. Configuring ehcache from ehcache-failsafe.xml  found in the classpath: jar:file:/C:/Users/AmierHaider/.m2/repository/net/sf/ehcache/ehcache/1.2.3/ehcache-1.2.3.jar!/ehcache-failsafe.xml
2011-11-15 19:41:00,970 - org.hibernate.cache.EhCacheProvider - WARN - Could not find configuration [org.hibernate.cache.UpdateTimestampsCache]; using defaults.
2011-11-15 19:41:01,002 - org.hibernate.cache.EhCacheProvider - WARN - Could not find configuration [org.hibernate.cache.StandardQueryCache]; using defaults.
2011-11-15 19:42:28,581 - net.sf.ehcache.config.ConfigurationFactory - WARN - No configuration found. Configuring ehcache from ehcache-failsafe.xml  found in the classpath: jar:file:/C:/Users/AmierHaider/.m2/repository/net/sf/ehcache/ehcache/1.2.3/ehcache-1.2.3.jar!/ehcache-failsafe.xml
2011-11-15 19:42:29,801 - org.hibernate.cache.EhCacheProvider - WARN - Could not find configuration [org.hibernate.cache.UpdateTimestampsCache]; using defaults.
2011-11-15 19:42:29,822 - org.hibernate.cache.EhCacheProvider - WARN - Could not find configuration [org.hibernate.cache.StandardQueryCache]; using defaults.
2011-11-15 19:48:43,419 - net.sf.ehcache.config.ConfigurationFactory - WARN - No configuration found. Configuring ehcache from ehcache-failsafe.xml  found in the classpath: jar:file:/C:/Users/AmierHaider/.m2/repository/net/sf/ehcache/ehcache/1.2.3/ehcache-1.2.3.jar!/ehcache-failsafe.xml
2011-11-15 19:48:43,868 - org.hibernate.cache.EhCacheProvider - WARN - Could not find configuration [org.hibernate.cache.UpdateTimestampsCache]; using defaults.
2011-11-15 19:48:43,880 - org.hibernate.cache.EhCacheProvider - WARN - Could not find configuration [org.hibernate.cache.StandardQueryCache]; using defaults.
2011-11-15 19:48:44,253 - org.apache.struts2.dispatcher.Dispatcher - ERROR - Dispatcher initialization failed
Unable to load configuration. - Class: org.apache.xerces.parsers.DOMParser
File: DOMParser.java
Method: <init>
Line: 153 - org/apache/xerces/parsers/DOMParser.java:153:-1
	at com.opensymphony.xwork2.config.ConfigurationManager.getConfiguration(ConfigurationManager.java:58)
	at org.apache.struts2.dispatcher.Dispatcher.init_PreloadConfiguration(Dispatcher.java:374)
	at org.apache.struts2.dispatcher.Dispatcher.init(Dispatcher.java:418)
	at org.apache.struts2.dispatcher.ng.InitOperations.initDispatcher(InitOperations.java:69)
	at org.apache.struts2.dispatcher.ng.filter.StrutsPrepareAndExecuteFilter.init(StrutsPrepareAndExecuteFilter.java:51)
	at org.mortbay.jetty.servlet.FilterHolder.doStart(FilterHolder.java:97)
	at org.mortbay.component.AbstractLifeCycle.start(AbstractLifeCycle.java:50)
	at org.mortbay.jetty.servlet.ServletHandler.initialize(ServletHandler.java:662)
	at org.mortbay.jetty.servlet.Context.startContext(Context.java:140)
	at org.mortbay.jetty.webapp.WebAppContext.startContext(WebAppContext.java:1250)
	at org.mortbay.jetty.handler.ContextHandler.doStart(ContextHandler.java:517)
	at org.mortbay.jetty.webapp.WebAppContext.doStart(WebAppContext.java:467)
	at org.mortbay.jetty.plugin.Jetty6PluginWebAppContext.doStart(Jetty6PluginWebAppContext.java:115)
	at org.mortbay.component.AbstractLifeCycle.start(AbstractLifeCycle.java:50)
	at org.mortbay.jetty.plugin.AbstractJettyRunMojo.restartWebApp(AbstractJettyRunMojo.java:458)
	at org.mortbay.jetty.plugin.AbstractJettyRunMojo$1.filesChanged(AbstractJettyRunMojo.java:419)
	at org.mortbay.util.Scanner.reportBulkChanges(Scanner.java:486)
	at org.mortbay.util.Scanner.reportDifferences(Scanner.java:352)
	at org.mortbay.util.Scanner.scan(Scanner.java:280)
	at org.mortbay.util.Scanner$1.run(Scanner.java:232)
	at java.util.TimerThread.mainLoop(Timer.java:512)
	at java.util.TimerThread.run(Timer.java:462)
Caused by: Caught exception while loading file struts-default.xml - Class: org.apache.xerces.parsers.DOMParser
File: DOMParser.java
Method: <init>
Line: 153 - org/apache/xerces/parsers/DOMParser.java:153:-1
	at com.opensymphony.xwork2.config.providers.XmlConfigurationProvider.loadConfigurationFiles(XmlConfigurationProvider.java:902)
	at com.opensymphony.xwork2.config.providers.XmlConfigurationProvider.loadDocuments(XmlConfigurationProvider.java:143)
	at com.opensymphony.xwork2.config.providers.XmlConfigurationProvider.init(XmlConfigurationProvider.java:110)
	at com.opensymphony.xwork2.config.impl.DefaultConfiguration.reloadContainer(DefaultConfiguration.java:168)
	at com.opensymphony.xwork2.config.ConfigurationManager.getConfiguration(ConfigurationManager.java:55)
	... 21 more
Caused by: java.lang.ClassCastException: org.apache.xerces.parsers.StandardParserConfiguration cannot be cast to org.apache.xerces.xni.parser.XMLParserConfiguration
	at org.apache.xerces.parsers.DOMParser.<init>(DOMParser.java:153)
	at org.apache.xerces.parsers.DOMParser.<init>(DOMParser.java:137)
	at org.apache.xerces.jaxp.DocumentBuilderImpl.<init>(DocumentBuilderImpl.java:102)
	at org.apache.xerces.jaxp.DocumentBuilderFactoryImpl.newDocumentBuilder(DocumentBuilderFactoryImpl.java:88)
	at com.sun.org.apache.xalan.internal.xsltc.trax.SAX2DOM.createDocument(SAX2DOM.java:324)
	at com.sun.org.apache.xalan.internal.xsltc.trax.SAX2DOM.<init>(SAX2DOM.java:84)
	at com.sun.org.apache.xalan.internal.xsltc.runtime.output.TransletOutputHandlerFactory.getSerializationHandler(TransletOutputHandlerFactory.java:187)
	at com.sun.org.apache.xalan.internal.xsltc.trax.TransformerImpl.getOutputHandler(TransformerImpl.java:392)
	at com.sun.org.apache.xalan.internal.xsltc.trax.TransformerHandlerImpl.setResult(TransformerHandlerImpl.java:137)
	at com.opensymphony.xwork2.util.DomHelper$DOMBuilder.setup(DomHelper.java:205)
	at com.opensymphony.xwork2.util.DomHelper$DOMBuilder.<init>(DomHelper.java:190)
	at com.opensymphony.xwork2.util.DomHelper$DOMBuilder.<init>(DomHelper.java:181)
	at com.opensymphony.xwork2.util.DomHelper$DOMBuilder.<init>(DomHelper.java:167)
	at com.opensymphony.xwork2.util.DomHelper.parse(DomHelper.java:107)
	at com.opensymphony.xwork2.config.providers.XmlConfigurationProvider.loadConfigurationFiles(XmlConfigurationProvider.java:893)
	... 25 more
2011-11-15 19:49:27,426 - net.sf.ehcache.config.ConfigurationFactory - WARN - No configuration found. Configuring ehcache from ehcache-failsafe.xml  found in the classpath: jar:file:/C:/Users/AmierHaider/.m2/repository/net/sf/ehcache/ehcache/1.2.3/ehcache-1.2.3.jar!/ehcache-failsafe.xml
2011-11-15 19:49:27,779 - org.hibernate.cache.EhCacheProvider - WARN - Could not find configuration [org.hibernate.cache.UpdateTimestampsCache]; using defaults.
2011-11-15 19:49:27,792 - org.hibernate.cache.EhCacheProvider - WARN - Could not find configuration [org.hibernate.cache.StandardQueryCache]; using defaults.
2011-11-15 19:50:03,420 - net.sf.ehcache.config.ConfigurationFactory - WARN - No configuration found. Configuring ehcache from ehcache-failsafe.xml  found in the classpath: jar:file:/C:/Users/AmierHaider/.m2/repository/net/sf/ehcache/ehcache/1.2.3/ehcache-1.2.3.jar!/ehcache-failsafe.xml
2011-11-15 19:50:04,245 - org.hibernate.cache.EhCacheProvider - WARN - Could not find configuration [org.hibernate.cache.UpdateTimestampsCache]; using defaults.
2011-11-15 19:50:04,269 - org.hibernate.cache.EhCacheProvider - WARN - Could not find configuration [org.hibernate.cache.StandardQueryCache]; using defaults.
2011-11-18 11:11:04,078 - net.sf.ehcache.config.ConfigurationFactory - WARN - No configuration found. Configuring ehcache from ehcache-failsafe.xml  found in the classpath: jar:file:/C:/Users/AmierHaider/.m2/repository/net/sf/ehcache/ehcache/1.2.3/ehcache-1.2.3.jar!/ehcache-failsafe.xml
2011-11-18 11:11:06,347 - org.hibernate.cache.EhCacheProvider - WARN - Could not find configuration [org.hibernate.cache.UpdateTimestampsCache]; using defaults.
2011-11-18 11:11:06,396 - org.hibernate.cache.EhCacheProvider - WARN - Could not find configuration [org.hibernate.cache.StandardQueryCache]; using defaults.
2011-11-18 11:27:54,191 - net.sf.ehcache.config.ConfigurationFactory - WARN - No configuration found. Configuring ehcache from ehcache-failsafe.xml  found in the classpath: jar:file:/C:/Users/AmierHaider/.m2/repository/net/sf/ehcache/ehcache/1.2.3/ehcache-1.2.3.jar!/ehcache-failsafe.xml
2011-11-18 11:27:55,132 - org.hibernate.cache.EhCacheProvider - WARN - Could not find configuration [org.hibernate.cache.UpdateTimestampsCache]; using defaults.
2011-11-18 11:27:55,148 - org.hibernate.cache.EhCacheProvider - WARN - Could not find configuration [org.hibernate.cache.StandardQueryCache]; using defaults.
2011-11-18 11:40:22,065 - net.sf.ehcache.config.ConfigurationFactory - WARN - No configuration found. Configuring ehcache from ehcache-failsafe.xml  found in the classpath: jar:file:/C:/Users/AmierHaider/.m2/repository/net/sf/ehcache/ehcache/1.2.3/ehcache-1.2.3.jar!/ehcache-failsafe.xml
2011-11-18 11:40:22,957 - org.hibernate.cache.EhCacheProvider - WARN - Could not find configuration [org.hibernate.cache.UpdateTimestampsCache]; using defaults.
2011-11-18 11:40:22,971 - org.hibernate.cache.EhCacheProvider - WARN - Could not find configuration [org.hibernate.cache.StandardQueryCache]; using defaults.
2011-11-18 11:41:56,752 - net.sf.ehcache.config.ConfigurationFactory - WARN - No configuration found. Configuring ehcache from ehcache-failsafe.xml  found in the classpath: jar:file:/C:/Users/AmierHaider/.m2/repository/net/sf/ehcache/ehcache/1.2.3/ehcache-1.2.3.jar!/ehcache-failsafe.xml
2011-11-18 11:41:57,630 - org.hibernate.cache.EhCacheProvider - WARN - Could not find configuration [org.hibernate.cache.UpdateTimestampsCache]; using defaults.
2011-11-18 11:41:57,670 - org.hibernate.cache.EhCacheProvider - WARN - Could not find configuration [org.hibernate.cache.StandardQueryCache]; using defaults.
2011-11-18 11:52:48,677 - net.sf.ehcache.config.ConfigurationFactory - WARN - No configuration found. Configuring ehcache from ehcache-failsafe.xml  found in the classpath: jar:file:/C:/Users/AmierHaider/.m2/repository/net/sf/ehcache/ehcache/1.2.3/ehcache-1.2.3.jar!/ehcache-failsafe.xml
2011-11-18 11:52:49,578 - org.hibernate.cache.EhCacheProvider - WARN - Could not find configuration [org.hibernate.cache.UpdateTimestampsCache]; using defaults.
2011-11-18 11:52:49,615 - org.hibernate.cache.EhCacheProvider - WARN - Could not find configuration [org.hibernate.cache.StandardQueryCache]; using defaults.
2011-11-18 11:54:17,507 - net.sf.ehcache.config.ConfigurationFactory - WARN - No configuration found. Configuring ehcache from ehcache-failsafe.xml  found in the classpath: jar:file:/C:/Users/AmierHaider/.m2/repository/net/sf/ehcache/ehcache/1.2.3/ehcache-1.2.3.jar!/ehcache-failsafe.xml
2011-11-18 11:54:17,969 - org.hibernate.cache.EhCacheProvider - WARN - Could not find configuration [org.hibernate.cache.UpdateTimestampsCache]; using defaults.
2011-11-18 11:54:17,982 - org.hibernate.cache.EhCacheProvider - WARN - Could not find configuration [org.hibernate.cache.StandardQueryCache]; using defaults.
2011-11-18 11:55:11,713 - org.apache.struts2.dispatcher.Dispatcher - WARN - Could not find action or result
There is no Action mapped for namespace / and action name showAddNewUser. - [unknown location]
	at com.opensymphony.xwork2.DefaultActionProxy.prepare(DefaultActionProxy.java:178)
	at org.apache.struts2.impl.StrutsActionProxy.prepare(StrutsActionProxy.java:61)
	at org.apache.struts2.impl.StrutsActionProxyFactory.createActionProxy(StrutsActionProxyFactory.java:39)
	at com.opensymphony.xwork2.DefaultActionProxyFactory.createActionProxy(DefaultActionProxyFactory.java:47)
	at org.apache.struts2.dispatcher.Dispatcher.serviceAction(Dispatcher.java:478)
	at org.apache.struts2.dispatcher.ng.ExecuteOperations.executeAction(ExecuteOperations.java:77)
	at org.apache.struts2.dispatcher.ng.filter.StrutsPrepareAndExecuteFilter.doFilter(StrutsPrepareAndExecuteFilter.java:91)
	at org.mortbay.jetty.servlet.ServletHandler$CachedChain.doFilter(ServletHandler.java:1157)
	at org.mortbay.jetty.servlet.ServletHandler.handle(ServletHandler.java:388)
	at org.mortbay.jetty.security.SecurityHandler.handle(SecurityHandler.java:216)
	at org.mortbay.jetty.servlet.SessionHandler.handle(SessionHandler.java:182)
	at org.mortbay.jetty.handler.ContextHandler.handle(ContextHandler.java:765)
	at org.mortbay.jetty.webapp.WebAppContext.handle(WebAppContext.java:418)
	at org.mortbay.jetty.handler.ContextHandlerCollection.handle(ContextHandlerCollection.java:230)
	at org.mortbay.jetty.handler.HandlerCollection.handle(HandlerCollection.java:114)
	at org.mortbay.jetty.handler.HandlerWrapper.handle(HandlerWrapper.java:152)
	at org.mortbay.jetty.Server.handle(Server.java:326)
	at org.mortbay.jetty.HttpConnection.handleRequest(HttpConnection.java:536)
	at org.mortbay.jetty.HttpConnection$RequestHandler.headerComplete(HttpConnection.java:915)
	at org.mortbay.jetty.HttpParser.parseNext(HttpParser.java:539)
	at org.mortbay.jetty.HttpParser.parseAvailable(HttpParser.java:212)
	at org.mortbay.jetty.HttpConnection.handle(HttpConnection.java:405)
	at org.mortbay.io.nio.SelectChannelEndPoint.run(SelectChannelEndPoint.java:409)
	at org.mortbay.thread.QueuedThreadPool$PoolThread.run(QueuedThreadPool.java:582)
2011-11-18 11:55:51,600 - com.mt.interceptor.HibernateManagedSessionContext - ERROR - java.lang.NullPointerException
2011-11-18 11:58:22,831 - net.sf.ehcache.config.ConfigurationFactory - WARN - No configuration found. Configuring ehcache from ehcache-failsafe.xml  found in the classpath: jar:file:/C:/Users/AmierHaider/.m2/repository/net/sf/ehcache/ehcache/1.2.3/ehcache-1.2.3.jar!/ehcache-failsafe.xml
2011-11-18 11:58:23,250 - org.hibernate.cache.EhCacheProvider - WARN - Could not find configuration [org.hibernate.cache.UpdateTimestampsCache]; using defaults.
2011-11-18 11:58:23,262 - org.hibernate.cache.EhCacheProvider - WARN - Could not find configuration [org.hibernate.cache.StandardQueryCache]; using defaults.
2011-11-18 11:58:38,929 - org.hibernate.util.JDBCExceptionReporter - WARN - SQL Error: 1364, SQLState: HY000
2011-11-18 11:58:38,931 - org.hibernate.util.JDBCExceptionReporter - ERROR - Field 'id' doesn't have a default value
2011-11-18 11:58:38,958 - com.mt.interceptor.HibernateManagedSessionContext - ERROR - org.hibernate.exception.GenericJDBCException: could not insert: [com.mt.hibernate.entities.User]
2011-11-18 12:02:41,260 - net.sf.ehcache.config.ConfigurationFactory - WARN - No configuration found. Configuring ehcache from ehcache-failsafe.xml  found in the classpath: jar:file:/C:/Users/AmierHaider/.m2/repository/net/sf/ehcache/ehcache/1.2.3/ehcache-1.2.3.jar!/ehcache-failsafe.xml
2011-11-18 12:02:44,129 - org.hibernate.cache.EhCacheProvider - WARN - Could not find configuration [org.hibernate.cache.UpdateTimestampsCache]; using defaults.
2011-11-18 12:02:44,153 - org.hibernate.cache.EhCacheProvider - WARN - Could not find configuration [org.hibernate.cache.StandardQueryCache]; using defaults.
2011-11-18 12:04:00,171 - net.sf.ehcache.config.ConfigurationFactory - WARN - No configuration found. Configuring ehcache from ehcache-failsafe.xml  found in the classpath: jar:file:/C:/Users/AmierHaider/.m2/repository/net/sf/ehcache/ehcache/1.2.3/ehcache-1.2.3.jar!/ehcache-failsafe.xml
2011-11-18 12:04:00,578 - org.hibernate.cache.EhCacheProvider - WARN - Could not find configuration [org.hibernate.cache.UpdateTimestampsCache]; using defaults.
2011-11-18 12:04:00,590 - org.hibernate.cache.EhCacheProvider - WARN - Could not find configuration [org.hibernate.cache.StandardQueryCache]; using defaults.
2011-11-19 12:59:18,046 - net.sf.ehcache.config.ConfigurationFactory - WARN - No configuration found. Configuring ehcache from ehcache-failsafe.xml  found in the classpath: jar:file:/C:/Users/AmierHaider/.m2/repository/net/sf/ehcache/ehcache/1.2.3/ehcache-1.2.3.jar!/ehcache-failsafe.xml
2011-11-19 12:59:21,394 - org.hibernate.cache.EhCacheProvider - WARN - Could not find configuration [org.hibernate.cache.UpdateTimestampsCache]; using defaults.
2011-11-19 12:59:21,443 - org.hibernate.cache.EhCacheProvider - WARN - Could not find configuration [org.hibernate.cache.StandardQueryCache]; using defaults.
2011-11-19 13:00:07,223 - com.mt.interceptor.HibernateManagedSessionContext - ERROR - java.lang.NullPointerException
2011-11-19 13:00:07,358 - com.mt.interceptor.HibernateManagedSessionContext - ERROR - java.lang.NullPointerException
2011-11-19 13:00:08,809 - com.mt.interceptor.HibernateManagedSessionContext - ERROR - java.lang.NullPointerException
2011-11-19 13:00:10,156 - com.mt.interceptor.HibernateManagedSessionContext - ERROR - java.lang.NullPointerException
